{"/Users/huangqixiao/Documents/myProject/vue3-json-schema-form/lib/SchemaForm.tsx": {"path":"/Users/huangqixiao/Documents/myProject/vue3-json-schema-form/lib/SchemaForm.tsx","statementMap":{"0":{"start":{"line":1,"column":0},"end":{"line":1,"column":null}},"1":{"start":{"line":18,"column":0},"end":{"line":18,"column":null}},"2":{"start":{"line":19,"column":0},"end":{"line":19,"column":null}},"3":{"start":{"line":20,"column":0},"end":{"line":20,"column":null}},"4":{"start":{"line":21,"column":0},"end":{"line":21,"column":null}},"5":{"start":{"line":30,"column":26},"end":{"line":33,"column":null}},"6":{"start":{"line":35,"column":0},"end":{"line":176,"column":null}},"7":{"start":{"line":70,"column":25},"end":{"line":82,"column":6}},"8":{"start":{"line":72,"column":30},"end":{"line":74,"column":33}},"9":{"start":{"line":75,"column":8},"end":{"line":78,"column":null}},"10":{"start":{"line":76,"column":10},"end":{"line":76,"column":null}},"11":{"start":{"line":77,"column":10},"end":{"line":77,"column":null}},"12":{"start":{"line":80,"column":8},"end":{"line":80,"column":null}},"13":{"start":{"line":84,"column":4},"end":{"line":84,"column":null}},"14":{"start":{"line":87,"column":35},"end":{"line":87,"column":54}},"15":{"start":{"line":89,"column":45},"end":{"line":89,"column":59}},"16":{"start":{"line":91,"column":4},"end":{"line":105,"column":null}},"17":{"start":{"line":92,"column":6},"end":{"line":95,"column":null}},"18":{"start":{"line":98,"column":30},"end":{"line":100,"column":33}},"19":{"start":{"line":101,"column":8},"end":{"line":103,"column":null}},"20":{"start":{"line":102,"column":10},"end":{"line":102,"column":null}},"21":{"start":{"line":107,"column":31},"end":{"line":107,"column":36}},"22":{"start":{"line":108,"column":33},"end":{"line":108,"column":39}},"23":{"start":{"line":111,"column":21},"end":{"line":111,"column":53}},"24":{"start":{"line":112,"column":21},"end":{"line":117,"column":null}},"25":{"start":{"line":120,"column":6},"end":{"line":120,"column":null}},"26":{"start":{"line":120,"column":48},"end":{"line":120,"column":null}},"27":{"start":{"line":122,"column":6},"end":{"line":122,"column":null}},"28":{"start":{"line":124,"column":6},"end":{"line":124,"column":null}},"29":{"start":{"line":125,"column":6},"end":{"line":125,"column":null}},"30":{"start":{"line":128,"column":4},"end":{"line":136,"column":null}},"31":{"start":{"line":129,"column":12},"end":{"line":129,"column":23}},"32":{"start":{"line":132,"column":10},"end":{"line":132,"column":null}},"33":{"start":{"line":139,"column":4},"end":{"line":156,"column":null}},"34":{"start":{"line":140,"column":12},"end":{"line":140,"column":28}},"35":{"start":{"line":143,"column":10},"end":{"line":150,"column":null}},"36":{"start":{"line":145,"column":14},"end":{"line":148,"column":null}},"37":{"start":{"line":146,"column":16},"end":{"line":146,"column":null}},"38":{"start":{"line":147,"column":16},"end":{"line":147,"column":null}},"39":{"start":{"line":158,"column":4},"end":{"line":174,"column":null}},"40":{"start":{"line":159,"column":42},"end":{"line":159,"column":47}},"41":{"start":{"line":161,"column":28},"end":{"line":163,"column":7}},"42":{"start":{"line":162,"column":8},"end":{"line":162,"column":null}},"43":{"start":{"line":164,"column":6},"end":{"line":171,"column":null}}},"fnMap":{"0":{"name":"(anonymous_1)","decl":{"start":{"line":69,"column":2},"end":{"line":69,"column":7}},"loc":{"start":{"line":69,"column":13},"end":{"line":175,"column":null}}},"1":{"name":"(anonymous_2)","decl":{"start":{"line":70,"column":34},"end":{"line":70,"column":39}},"loc":{"start":{"line":70,"column":39},"end":{"line":82,"column":5}}},"2":{"name":"(anonymous_3)","decl":{"start":{"line":75,"column":36},"end":{"line":75,"column":37}},"loc":{"start":{"line":75,"column":55},"end":{"line":78,"column":9}}},"3":{"name":"(anonymous_4)","decl":{"start":{"line":91,"column":16},"end":{"line":91,"column":21}},"loc":{"start":{"line":91,"column":21},"end":{"line":105,"column":5}}},"4":{"name":"(anonymous_5)","decl":{"start":{"line":101,"column":31},"end":{"line":101,"column":35}},"loc":{"start":{"line":101,"column":39},"end":{"line":103,"column":9}}},"5":{"name":"doValidate","decl":{"start":{"line":110,"column":19},"end":{"line":110,"column":29}},"loc":{"start":{"line":110,"column":29},"end":{"line":126,"column":null}}},"6":{"name":"(anonymous_7)","decl":{"start":{"line":129,"column":6},"end":{"line":129,"column":12}},"loc":{"start":{"line":129,"column":12},"end":{"line":129,"column":23}}},"7":{"name":"(anonymous_8)","decl":{"start":{"line":130,"column":6},"end":{"line":130,"column":11}},"loc":{"start":{"line":130,"column":11},"end":{"line":134,"column":7}}},"8":{"name":"(anonymous_9)","decl":{"start":{"line":140,"column":6},"end":{"line":140,"column":12}},"loc":{"start":{"line":140,"column":12},"end":{"line":140,"column":28}}},"9":{"name":"(anonymous_10)","decl":{"start":{"line":141,"column":6},"end":{"line":141,"column":11}},"loc":{"start":{"line":141,"column":11},"end":{"line":152,"column":7}}},"10":{"name":"(anonymous_11)","decl":{"start":{"line":144,"column":12},"end":{"line":144,"column":22}},"loc":{"start":{"line":144,"column":22},"end":{"line":149,"column":null}}},"11":{"name":"(anonymous_12)","decl":{"start":{"line":145,"column":34},"end":{"line":145,"column":41}},"loc":{"start":{"line":145,"column":45},"end":{"line":148,"column":15}}},"12":{"name":"(anonymous_13)","decl":{"start":{"line":158,"column":11},"end":{"line":158,"column":16}},"loc":{"start":{"line":158,"column":16},"end":{"line":174,"column":5}}},"13":{"name":"(anonymous_14)","decl":{"start":{"line":161,"column":28},"end":{"line":161,"column":34}},"loc":{"start":{"line":161,"column":38},"end":{"line":163,"column":7}}}},"branchMap":{"0":{"loc":{"start":{"line":72,"column":30},"end":{"line":74,"column":33}},"type":"cond-expr","locations":[{"start":{"line":73,"column":12},"end":{"line":73,"column":31}},{"start":{"line":74,"column":12},"end":{"line":74,"column":33}}]},"1":{"loc":{"start":{"line":98,"column":30},"end":{"line":100,"column":33}},"type":"cond-expr","locations":[{"start":{"line":99,"column":12},"end":{"line":99,"column":31}},{"start":{"line":100,"column":12},"end":{"line":100,"column":33}}]},"2":{"loc":{"start":{"line":120,"column":6},"end":{"line":120,"column":null}},"type":"if","locations":[{"start":{"line":120,"column":6},"end":{"line":120,"column":null}}]},"3":{"loc":{"start":{"line":170,"column":23},"end":{"line":170,"column":49}},"type":"binary-expr","locations":[{"start":{"line":170,"column":23},"end":{"line":170,"column":43}},{"start":{"line":170,"column":47},"end":{"line":170,"column":49}}]},"4":{"loc":{"start":{"line":171,"column":20},"end":{"line":171,"column":34}},"type":"binary-expr","locations":[{"start":{"line":171,"column":20},"end":{"line":171,"column":28}},{"start":{"line":171,"column":32},"end":{"line":171,"column":34}}]}},"s":{"0":3,"1":3,"2":3,"3":3,"4":3,"5":3,"6":3,"7":13,"8":0,"9":0,"10":0,"11":0,"12":0,"13":13,"14":13,"15":13,"16":13,"17":13,"18":0,"19":0,"20":0,"21":13,"22":13,"23":0,"24":0,"25":0,"26":0,"27":0,"28":0,"29":0,"30":13,"31":18,"32":0,"33":13,"34":13,"35":0,"36":0,"37":0,"38":0,"39":13,"40":13,"41":13,"42":13,"43":13},"f":{"0":13,"1":0,"2":0,"3":13,"4":0,"5":0,"6":18,"7":5,"8":13,"9":13,"10":0,"11":0,"12":13,"13":13},"b":{"0":[0,0],"1":[0,0],"2":[0],"3":[13,0],"4":[13,13]}}
,"/Users/huangqixiao/Documents/myProject/vue3-json-schema-form/lib/SchemaItem.tsx": {"path":"/Users/huangqixiao/Documents/myProject/vue3-json-schema-form/lib/SchemaItem.tsx","statementMap":{"0":{"start":{"line":1,"column":0},"end":{"line":1,"column":null}},"1":{"start":{"line":2,"column":0},"end":{"line":2,"column":null}},"2":{"start":{"line":3,"column":0},"end":{"line":3,"column":null}},"3":{"start":{"line":4,"column":0},"end":{"line":4,"column":null}},"4":{"start":{"line":5,"column":0},"end":{"line":5,"column":null}},"5":{"start":{"line":6,"column":0},"end":{"line":6,"column":null}},"6":{"start":{"line":7,"column":0},"end":{"line":7,"column":null}},"7":{"start":{"line":8,"column":0},"end":{"line":8,"column":null}},"8":{"start":{"line":9,"column":0},"end":{"line":9,"column":null}},"9":{"start":{"line":10,"column":0},"end":{"line":10,"column":null}},"10":{"start":{"line":12,"column":0},"end":{"line":55,"column":null}},"11":{"start":{"line":17,"column":30},"end":{"line":20,"column":6}},"12":{"start":{"line":18,"column":44},"end":{"line":18,"column":49}},"13":{"start":{"line":19,"column":6},"end":{"line":19,"column":null}},"14":{"start":{"line":22,"column":4},"end":{"line":53,"column":null}},"15":{"start":{"line":23,"column":19},"end":{"line":23,"column":37}},"16":{"start":{"line":25,"column":8},"end":{"line":25,"column":null}},"17":{"start":{"line":28,"column":6},"end":{"line":48,"column":null}},"18":{"start":{"line":30,"column":10},"end":{"line":30,"column":null}},"19":{"start":{"line":31,"column":10},"end":{"line":31,"column":null}},"20":{"start":{"line":33,"column":10},"end":{"line":33,"column":null}},"21":{"start":{"line":34,"column":10},"end":{"line":34,"column":null}},"22":{"start":{"line":36,"column":10},"end":{"line":36,"column":null}},"23":{"start":{"line":37,"column":10},"end":{"line":37,"column":null}},"24":{"start":{"line":39,"column":10},"end":{"line":39,"column":null}},"25":{"start":{"line":40,"column":10},"end":{"line":40,"column":null}},"26":{"start":{"line":42,"column":10},"end":{"line":42,"column":null}},"27":{"start":{"line":43,"column":10},"end":{"line":43,"column":null}},"28":{"start":{"line":45,"column":10},"end":{"line":45,"column":null}},"29":{"start":{"line":46,"column":10},"end":{"line":46,"column":null}},"30":{"start":{"line":48,"column":10},"end":{"line":48,"column":42}},"31":{"start":{"line":50,"column":6},"end":{"line":51,"column":null}}},"fnMap":{"0":{"name":"(anonymous_1)","decl":{"start":{"line":15,"column":2},"end":{"line":15,"column":7}},"loc":{"start":{"line":15,"column":13},"end":{"line":54,"column":null}}},"1":{"name":"(anonymous_2)","decl":{"start":{"line":17,"column":39},"end":{"line":17,"column":44}},"loc":{"start":{"line":17,"column":44},"end":{"line":20,"column":5}}},"2":{"name":"(anonymous_3)","decl":{"start":{"line":22,"column":11},"end":{"line":22,"column":16}},"loc":{"start":{"line":22,"column":16},"end":{"line":53,"column":5}}}},"branchMap":{"0":{"loc":{"start":{"line":28,"column":6},"end":{"line":48,"column":null}},"type":"switch","locations":[{"start":{"line":29,"column":8},"end":{"line":31,"column":null}},{"start":{"line":32,"column":8},"end":{"line":34,"column":null}},{"start":{"line":35,"column":8},"end":{"line":37,"column":null}},{"start":{"line":38,"column":8},"end":{"line":40,"column":null}},{"start":{"line":41,"column":8},"end":{"line":43,"column":null}},{"start":{"line":44,"column":8},"end":{"line":46,"column":null}},{"start":{"line":47,"column":8},"end":{"line":48,"column":42}}]}},"s":{"0":3,"1":3,"2":3,"3":3,"4":3,"5":3,"6":3,"7":3,"8":3,"9":3,"10":3,"11":29,"12":34,"13":34,"14":29,"15":39,"16":0,"17":39,"18":18,"19":18,"20":9,"21":9,"22":5,"23":5,"24":5,"25":5,"26":1,"27":1,"28":1,"29":1,"30":0,"31":39},"f":{"0":29,"1":34,"2":39},"b":{"0":[18,9,5,5,1,1,0]}}
,"/Users/huangqixiao/Documents/myProject/vue3-json-schema-form/lib/index.ts": {"path":"/Users/huangqixiao/Documents/myProject/vue3-json-schema-form/lib/index.ts","statementMap":{"0":{"start":{"line":1,"column":0},"end":{"line":1,"column":null}},"1":{"start":{"line":2,"column":0},"end":{"line":2,"column":7}},"2":{"start":{"line":12,"column":2},"end":{"line":2,"column":null}},"3":{"start":{"line":3,"column":0},"end":{"line":3,"column":7}},"4":{"start":{"line":13,"column":2},"end":{"line":3,"column":null}},"5":{"start":{"line":4,"column":0},"end":{"line":4,"column":7}},"6":{"start":{"line":14,"column":2},"end":{"line":4,"column":25}},"7":{"start":{"line":17,"column":2},"end":{"line":4,"column":null}},"8":{"start":{"line":5,"column":0},"end":{"line":5,"column":7}},"9":{"start":{"line":15,"column":2},"end":{"line":5,"column":null}},"10":{"start":{"line":6,"column":0},"end":{"line":6,"column":7}},"11":{"start":{"line":16,"column":2},"end":{"line":6,"column":null}},"12":{"start":{"line":7,"column":0},"end":{"line":7,"column":7}},"13":{"start":{"line":18,"column":2},"end":{"line":7,"column":null}},"14":{"start":{"line":8,"column":0},"end":{"line":8,"column":7}},"15":{"start":{"line":19,"column":2},"end":{"line":8,"column":null}},"16":{"start":{"line":9,"column":0},"end":{"line":9,"column":null}},"17":{"start":{"line":10,"column":0},"end":{"line":10,"column":null}}},"fnMap":{"0":{"name":"(anonymous_8)","decl":{"start":{"line":17,"column":2},"end":{"line":17,"column":null}},"loc":{"start":{"line":17,"column":2},"end":{"line":4,"column":null}}}},"branchMap":{},"s":{"0":3,"1":3,"2":3,"3":3,"4":3,"5":3,"6":3,"7":4,"8":3,"9":3,"10":3,"11":3,"12":3,"13":3,"14":3,"15":3,"16":3,"17":3},"f":{"0":1},"b":{}}
,"/Users/huangqixiao/Documents/myProject/vue3-json-schema-form/lib/provide.ts": {"path":"/Users/huangqixiao/Documents/myProject/vue3-json-schema-form/lib/provide.ts","statementMap":{"0":{"start":{"line":1,"column":0},"end":{"line":1,"column":null}},"1":{"start":{"line":5,"column":13},"end":{"line":5,"column":null}},"2":{"start":{"line":6,"column":13},"end":{"line":6,"column":null}},"3":{"start":{"line":15,"column":18},"end":{"line":15,"column":39}},"4":{"start":{"line":17,"column":4},"end":{"line":17,"column":null}},"5":{"start":{"line":19,"column":2},"end":{"line":19,"column":null}},"6":{"start":{"line":9,"column":0},"end":{"line":9,"column":16}}},"fnMap":{"0":{"name":"useInject","decl":{"start":{"line":9,"column":16},"end":{"line":9,"column":25}},"loc":{"start":{"line":9,"column":25},"end":{"line":20,"column":null}}}},"branchMap":{},"s":{"0":3,"1":3,"2":3,"3":34,"4":0,"5":34,"6":3},"f":{"0":34},"b":{}}
,"/Users/huangqixiao/Documents/myProject/vue3-json-schema-form/lib/theme.tsx": {"path":"/Users/huangqixiao/Documents/myProject/vue3-json-schema-form/lib/theme.tsx","statementMap":{"0":{"start":{"line":1,"column":0},"end":{"line":1,"column":null}},"1":{"start":{"line":18,"column":0},"end":{"line":18,"column":null}},"2":{"start":{"line":19,"column":0},"end":{"line":19,"column":null}},"3":{"start":{"line":21,"column":0},"end":{"line":37,"column":null}},"4":{"start":{"line":30,"column":18},"end":{"line":30,"column":45}},"5":{"start":{"line":30,"column":33},"end":{"line":30,"column":44}},"6":{"start":{"line":31,"column":4},"end":{"line":31,"column":null}},"7":{"start":{"line":33,"column":4},"end":{"line":35,"column":null}},"8":{"start":{"line":34,"column":6},"end":{"line":34,"column":null}},"9":{"start":{"line":44,"column":25},"end":{"line":44,"column":36}},"10":{"start":{"line":45,"column":33},"end":{"line":45,"column":38}},"11":{"start":{"line":47,"column":6},"end":{"line":47,"column":null}},"12":{"start":{"line":51,"column":8},"end":{"line":51,"column":null}},"13":{"start":{"line":57,"column":4},"end":{"line":57,"column":40}},"14":{"start":{"line":60,"column":4},"end":{"line":60,"column":null}},"15":{"start":{"line":63,"column":17},"end":{"line":65,"column":4}},"16":{"start":{"line":64,"column":4},"end":{"line":64,"column":null}},"17":{"start":{"line":67,"column":2},"end":{"line":67,"column":null}},"18":{"start":{"line":39,"column":0},"end":{"line":39,"column":16}}},"fnMap":{"0":{"name":"(anonymous_0)","decl":{"start":{"line":29,"column":2},"end":{"line":29,"column":7}},"loc":{"start":{"line":29,"column":24},"end":{"line":36,"column":null}}},"1":{"name":"(anonymous_1)","decl":{"start":{"line":30,"column":27},"end":{"line":30,"column":33}},"loc":{"start":{"line":30,"column":33},"end":{"line":30,"column":44}}},"2":{"name":"(anonymous_2)","decl":{"start":{"line":33,"column":11},"end":{"line":33,"column":16}},"loc":{"start":{"line":33,"column":16},"end":{"line":35,"column":5}}},"3":{"name":"getWidget","decl":{"start":{"line":39,"column":16},"end":{"line":39,"column":25}},"loc":{"start":{"line":41,"column":56},"end":{"line":68,"column":null}}},"4":{"name":"(anonymous_4)","decl":{"start":{"line":63,"column":26},"end":{"line":63,"column":31}},"loc":{"start":{"line":63,"column":31},"end":{"line":65,"column":3}}}},"branchMap":{"0":{"loc":{"start":{"line":34,"column":13},"end":{"line":34,"column":45}},"type":"binary-expr","locations":[{"start":{"line":34,"column":13},"end":{"line":34,"column":26}},{"start":{"line":34,"column":30},"end":{"line":34,"column":45}}]},"1":{"loc":{"start":{"line":46,"column":8},"end":{"line":46,"column":53}},"type":"binary-expr","locations":[{"start":{"line":46,"column":8},"end":{"line":46,"column":24}},{"start":{"line":46,"column":28},"end":{"line":46,"column":53}}]}},"s":{"0":3,"1":3,"2":3,"3":3,"4":13,"5":12,"6":13,"7":13,"8":13,"9":24,"10":24,"11":0,"12":0,"13":24,"14":0,"15":24,"16":24,"17":24,"18":3},"f":{"0":13,"1":12,"2":13,"3":24,"4":24},"b":{"0":[13,13],"1":[24,0]}}
,"/Users/huangqixiao/Documents/myProject/vue3-json-schema-form/lib/types.ts": {"path":"/Users/huangqixiao/Documents/myProject/vue3-json-schema-form/lib/types.ts","statementMap":{"0":{"start":{"line":11,"column":0},"end":{"line":11,"column":null}},"1":{"start":{"line":12,"column":2},"end":{"line":12,"column":null}},"2":{"start":{"line":13,"column":2},"end":{"line":13,"column":null}},"3":{"start":{"line":14,"column":2},"end":{"line":14,"column":null}},"4":{"start":{"line":15,"column":2},"end":{"line":15,"column":null}},"5":{"start":{"line":16,"column":2},"end":{"line":16,"column":null}},"6":{"start":{"line":17,"column":2},"end":{"line":17,"column":null}},"7":{"start":{"line":54,"column":13},"end":{"line":78,"column":null}},"8":{"start":{"line":82,"column":13},"end":{"line":98,"column":null}},"9":{"start":{"line":100,"column":13},"end":{"line":106,"column":null}},"10":{"start":{"line":115,"column":0},"end":{"line":115,"column":null}},"11":{"start":{"line":116,"column":2},"end":{"line":116,"column":null}},"12":{"start":{"line":118,"column":0},"end":{"line":118,"column":null}},"13":{"start":{"line":119,"column":2},"end":{"line":119,"column":null}},"14":{"start":{"line":120,"column":2},"end":{"line":120,"column":null}},"15":{"start":{"line":121,"column":2},"end":{"line":121,"column":null}},"16":{"start":{"line":122,"column":2},"end":{"line":122,"column":null}}},"fnMap":{"0":{"name":"(anonymous_0)","decl":{"start":{"line":11,"column":0},"end":{"line":11,"column":12}},"loc":{"start":{"line":11,"column":22},"end":{"line":18,"column":1}}},"1":{"name":"(anonymous_1)","decl":{"start":{"line":115,"column":0},"end":{"line":115,"column":12}},"loc":{"start":{"line":115,"column":32},"end":{"line":117,"column":1}}},"2":{"name":"(anonymous_2)","decl":{"start":{"line":118,"column":0},"end":{"line":118,"column":12}},"loc":{"start":{"line":118,"column":28},"end":{"line":123,"column":1}}}},"branchMap":{"0":{"loc":{"start":{"line":11,"column":12},"end":{"line":11,"column":null}},"type":"binary-expr","locations":[{"start":{"line":11,"column":12},"end":{"line":11,"column":22}},{"start":{"line":11,"column":12},"end":{"line":11,"column":null}}]},"1":{"loc":{"start":{"line":115,"column":12},"end":{"line":115,"column":null}},"type":"binary-expr","locations":[{"start":{"line":115,"column":12},"end":{"line":115,"column":32}},{"start":{"line":115,"column":12},"end":{"line":115,"column":null}}]},"2":{"loc":{"start":{"line":118,"column":12},"end":{"line":118,"column":null}},"type":"binary-expr","locations":[{"start":{"line":118,"column":12},"end":{"line":118,"column":28}},{"start":{"line":118,"column":12},"end":{"line":118,"column":null}}]}},"s":{"0":3,"1":3,"2":3,"3":3,"4":3,"5":3,"6":3,"7":3,"8":3,"9":3,"10":3,"11":3,"12":3,"13":3,"14":3,"15":3,"16":3},"f":{"0":3,"1":3,"2":3},"b":{"0":[3,3],"1":[3,3],"2":[3,3]}}
,"/Users/huangqixiao/Documents/myProject/vue3-json-schema-form/lib/utils.ts": {"path":"/Users/huangqixiao/Documents/myProject/vue3-json-schema-form/lib/utils.ts","statementMap":{"0":{"start":{"line":1,"column":0},"end":{"line":1,"column":null}},"1":{"start":{"line":5,"column":20},"end":{"line":5,"column":42}},"2":{"start":{"line":6,"column":14},"end":{"line":6,"column":37}},"3":{"start":{"line":8,"column":19},"end":{"line":8,"column":53}},"4":{"start":{"line":16,"column":2},"end":{"line":16,"column":null}},"5":{"start":{"line":15,"column":0},"end":{"line":15,"column":16}},"6":{"start":{"line":25,"column":2},"end":{"line":25,"column":null}},"7":{"start":{"line":24,"column":0},"end":{"line":24,"column":16}},"8":{"start":{"line":39,"column":2},"end":{"line":39,"column":null}},"9":{"start":{"line":34,"column":0},"end":{"line":34,"column":16}},"10":{"start":{"line":47,"column":24},"end":{"line":47,"column":33}},"11":{"start":{"line":49,"column":16},"end":{"line":49,"column":54}},"12":{"start":{"line":50,"column":2},"end":{"line":53,"column":null}},"13":{"start":{"line":48,"column":0},"end":{"line":48,"column":16}},"14":{"start":{"line":64,"column":4},"end":{"line":64,"column":null}},"15":{"start":{"line":66,"column":27},"end":{"line":66,"column":76}},"16":{"start":{"line":67,"column":4},"end":{"line":67,"column":null}},"17":{"start":{"line":69,"column":4},"end":{"line":74,"column":null}},"18":{"start":{"line":72,"column":8},"end":{"line":72,"column":60}},"19":{"start":{"line":77,"column":4},"end":{"line":77,"column":null}},"20":{"start":{"line":58,"column":0},"end":{"line":58,"column":16}},"21":{"start":{"line":87,"column":4},"end":{"line":87,"column":null}},"22":{"start":{"line":89,"column":23},"end":{"line":89,"column":66}},"23":{"start":{"line":94,"column":6},"end":{"line":98,"column":null}},"24":{"start":{"line":100,"column":6},"end":{"line":100,"column":null}},"25":{"start":{"line":101,"column":55},"end":{"line":101,"column":69}},"26":{"start":{"line":102,"column":6},"end":{"line":102,"column":null}},"27":{"start":{"line":106,"column":4},"end":{"line":107,"column":49}},"28":{"start":{"line":110,"column":4},"end":{"line":114,"column":null}},"29":{"start":{"line":116,"column":2},"end":{"line":116,"column":null}},"30":{"start":{"line":81,"column":0},"end":{"line":81,"column":16}},"31":{"start":{"line":119,"column":13},"end":{"line":119,"column":null}},"32":{"start":{"line":127,"column":2},"end":{"line":130,"column":null}},"33":{"start":{"line":132,"column":2},"end":{"line":155,"column":null}},"34":{"start":{"line":135,"column":6},"end":{"line":135,"column":null}},"35":{"start":{"line":140,"column":6},"end":{"line":144,"column":null}},"36":{"start":{"line":146,"column":6},"end":{"line":146,"column":null}},"37":{"start":{"line":148,"column":6},"end":{"line":148,"column":null}},"38":{"start":{"line":152,"column":5},"end":{"line":152,"column":null}},"39":{"start":{"line":154,"column":5},"end":{"line":154,"column":null}},"40":{"start":{"line":157,"column":2},"end":{"line":157,"column":null}},"41":{"start":{"line":121,"column":0},"end":{"line":121,"column":16}},"42":{"start":{"line":179,"column":21},"end":{"line":179,"column":66}},"43":{"start":{"line":181,"column":35},"end":{"line":181,"column":41}},"44":{"start":{"line":183,"column":2},"end":{"line":187,"column":null}},"45":{"start":{"line":195,"column":18},"end":{"line":195,"column":22}},"46":{"start":{"line":198,"column":4},"end":{"line":198,"column":null}},"47":{"start":{"line":200,"column":4},"end":{"line":200,"column":null}},"48":{"start":{"line":202,"column":18},"end":{"line":202,"column":51}},"49":{"start":{"line":204,"column":4},"end":{"line":204,"column":null}},"50":{"start":{"line":208,"column":4},"end":{"line":208,"column":null}},"51":{"start":{"line":210,"column":2},"end":{"line":210,"column":null}},"52":{"start":{"line":191,"column":0},"end":{"line":191,"column":16}},"53":{"start":{"line":219,"column":49},"end":{"line":219,"column":55}},"54":{"start":{"line":221,"column":4},"end":{"line":224,"column":null}},"55":{"start":{"line":226,"column":4},"end":{"line":229,"column":null}},"56":{"start":{"line":231,"column":2},"end":{"line":236,"column":null}},"57":{"start":{"line":248,"column":6},"end":{"line":248,"column":null}},"58":{"start":{"line":255,"column":6},"end":{"line":255,"column":null}},"59":{"start":{"line":258,"column":6},"end":{"line":258,"column":18}},"60":{"start":{"line":260,"column":6},"end":{"line":260,"column":null}},"61":{"start":{"line":262,"column":6},"end":{"line":268,"column":null}},"62":{"start":{"line":270,"column":4},"end":{"line":275,"column":null}},"63":{"start":{"line":277,"column":2},"end":{"line":277,"column":null}},"64":{"start":{"line":282,"column":4},"end":{"line":282,"column":null}},"65":{"start":{"line":284,"column":19},"end":{"line":286,"column":26}},"66":{"start":{"line":287,"column":2},"end":{"line":287,"column":null}},"67":{"start":{"line":298,"column":40},"end":{"line":301,"column":null}},"68":{"start":{"line":303,"column":2},"end":{"line":303,"column":null}},"69":{"start":{"line":306,"column":4},"end":{"line":306,"column":null}},"70":{"start":{"line":308,"column":4},"end":{"line":308,"column":null}},"71":{"start":{"line":311,"column":24},"end":{"line":314,"column":null}},"72":{"start":{"line":312,"column":4},"end":{"line":314,"column":17}},"73":{"start":{"line":316,"column":2},"end":{"line":322,"column":null}},"74":{"start":{"line":332,"column":26},"end":{"line":348,"column":4}},"75":{"start":{"line":334,"column":6},"end":{"line":334,"column":null}},"76":{"start":{"line":336,"column":57},"end":{"line":336,"column":77}},"77":{"start":{"line":338,"column":30},"end":{"line":343,"column":null}},"78":{"start":{"line":345,"column":25},"end":{"line":345,"column":64}},"79":{"start":{"line":346,"column":6},"end":{"line":346,"column":null}},"80":{"start":{"line":350,"column":4},"end":{"line":352,"column":null}},"81":{"start":{"line":353,"column":4},"end":{"line":353,"column":null}},"82":{"start":{"line":356,"column":20},"end":{"line":356,"column":38}},"83":{"start":{"line":358,"column":4},"end":{"line":358,"column":24}},"84":{"start":{"line":359,"column":26},"end":{"line":359,"column":74}},"85":{"start":{"line":360,"column":2},"end":{"line":364,"column":null}},"86":{"start":{"line":373,"column":14},"end":{"line":373,"column":37}},"87":{"start":{"line":374,"column":2},"end":{"line":394,"column":null}},"88":{"start":{"line":375,"column":17},"end":{"line":375,"column":38}},"89":{"start":{"line":376,"column":14},"end":{"line":376,"column":23}},"90":{"start":{"line":378,"column":6},"end":{"line":378,"column":null}},"91":{"start":{"line":389,"column":6},"end":{"line":389,"column":null}},"92":{"start":{"line":391,"column":6},"end":{"line":391,"column":null}},"93":{"start":{"line":393,"column":4},"end":{"line":393,"column":null}},"94":{"start":{"line":372,"column":0},"end":{"line":372,"column":16}},"95":{"start":{"line":407,"column":19},"end":{"line":407,"column":25}},"96":{"start":{"line":410,"column":4},"end":{"line":410,"column":null}},"97":{"start":{"line":414,"column":4},"end":{"line":414,"column":null}},"98":{"start":{"line":418,"column":4},"end":{"line":418,"column":null}},"99":{"start":{"line":421,"column":17},"end":{"line":421,"column":21}},"100":{"start":{"line":423,"column":4},"end":{"line":423,"column":null}},"101":{"start":{"line":423,"column":28},"end":{"line":423,"column":43}},"102":{"start":{"line":426,"column":2},"end":{"line":426,"column":null}},"103":{"start":{"line":406,"column":0},"end":{"line":406,"column":16}},"104":{"start":{"line":455,"column":25},"end":{"line":471,"column":1}},"105":{"start":{"line":457,"column":4},"end":{"line":457,"column":null}},"106":{"start":{"line":459,"column":4},"end":{"line":459,"column":null}},"107":{"start":{"line":461,"column":4},"end":{"line":461,"column":null}},"108":{"start":{"line":463,"column":4},"end":{"line":463,"column":null}},"109":{"start":{"line":465,"column":4},"end":{"line":465,"column":null}},"110":{"start":{"line":467,"column":4},"end":{"line":467,"column":null}},"111":{"start":{"line":470,"column":2},"end":{"line":470,"column":null}},"112":{"start":{"line":455,"column":13},"end":{"line":455,"column":25}},"113":{"start":{"line":474,"column":2},"end":{"line":476,"column":null}},"114":{"start":{"line":473,"column":0},"end":{"line":473,"column":16}},"115":{"start":{"line":481,"column":17},"end":{"line":481,"column":52}},"116":{"start":{"line":482,"column":21},"end":{"line":482,"column":49}},"117":{"start":{"line":484,"column":4},"end":{"line":484,"column":null}},"118":{"start":{"line":486,"column":4},"end":{"line":486,"column":null}},"119":{"start":{"line":486,"column":44},"end":{"line":486,"column":66}},"120":{"start":{"line":488,"column":2},"end":{"line":488,"column":null}},"121":{"start":{"line":480,"column":0},"end":{"line":480,"column":16}},"122":{"start":{"line":493,"column":4},"end":{"line":493,"column":null}},"123":{"start":{"line":495,"column":2},"end":{"line":495,"column":null}},"124":{"start":{"line":491,"column":0},"end":{"line":491,"column":16}},"125":{"start":{"line":504,"column":15},"end":{"line":504,"column":16}},"126":{"start":{"line":505,"column":19},"end":{"line":505,"column":29}},"127":{"start":{"line":521,"column":28},"end":{"line":525,"column":null}},"128":{"start":{"line":522,"column":60},"end":{"line":524,"column":10}},"129":{"start":{"line":532,"column":36},"end":{"line":532,"column":42}},"130":{"start":{"line":535,"column":10},"end":{"line":535,"column":null}},"131":{"start":{"line":538,"column":10},"end":{"line":538,"column":null}},"132":{"start":{"line":541,"column":8},"end":{"line":541,"column":null}},"133":{"start":{"line":543,"column":8},"end":{"line":543,"column":null}},"134":{"start":{"line":545,"column":8},"end":{"line":545,"column":null}},"135":{"start":{"line":550,"column":6},"end":{"line":550,"column":null}},"136":{"start":{"line":553,"column":8},"end":{"line":553,"column":null}},"137":{"start":{"line":556,"column":6},"end":{"line":556,"column":null}},"138":{"start":{"line":559,"column":2},"end":{"line":559,"column":null}},"139":{"start":{"line":499,"column":0},"end":{"line":499,"column":16}},"140":{"start":{"line":565,"column":6},"end":{"line":565,"column":null}},"141":{"start":{"line":567,"column":4},"end":{"line":572,"column":null}},"142":{"start":{"line":569,"column":8},"end":{"line":569,"column":null}},"143":{"start":{"line":571,"column":6},"end":{"line":571,"column":null}},"144":{"start":{"line":574,"column":16},"end":{"line":574,"column":43}},"145":{"start":{"line":575,"column":4},"end":{"line":581,"column":null}},"146":{"start":{"line":576,"column":6},"end":{"line":579,"column":null}},"147":{"start":{"line":580,"column":6},"end":{"line":580,"column":null}},"148":{"start":{"line":583,"column":4},"end":{"line":583,"column":null}},"149":{"start":{"line":562,"column":0},"end":{"line":562,"column":16}},"150":{"start":{"line":594,"column":4},"end":{"line":594,"column":null}},"151":{"start":{"line":597,"column":19},"end":{"line":597,"column":34}},"152":{"start":{"line":608,"column":4},"end":{"line":608,"column":null}},"153":{"start":{"line":611,"column":4},"end":{"line":611,"column":null}},"154":{"start":{"line":614,"column":4},"end":{"line":614,"column":null}},"155":{"start":{"line":616,"column":2},"end":{"line":616,"column":null}},"156":{"start":{"line":587,"column":0},"end":{"line":587,"column":16}}},"fnMap":{"0":{"name":"isObject","decl":{"start":{"line":15,"column":16},"end":{"line":15,"column":24}},"loc":{"start":{"line":15,"column":35},"end":{"line":17,"column":null}}},"1":{"name":"isEmptyObject","decl":{"start":{"line":24,"column":16},"end":{"line":24,"column":29}},"loc":{"start":{"line":24,"column":40},"end":{"line":26,"column":null}}},"2":{"name":"hasOwnProperty","decl":{"start":{"line":34,"column":16},"end":{"line":34,"column":30}},"loc":{"start":{"line":34,"column":52},"end":{"line":40,"column":null}}},"3":{"name":"validateData","decl":{"start":{"line":48,"column":16},"end":{"line":48,"column":28}},"loc":{"start":{"line":48,"column":51},"end":{"line":54,"column":null}}},"4":{"name":"resolveSchema","decl":{"start":{"line":58,"column":16},"end":{"line":58,"column":29}},"loc":{"start":{"line":61,"column":15},"end":{"line":79,"column":null}}},"5":{"name":"(anonymous_6)","decl":{"start":{"line":71,"column":31},"end":{"line":71,"column":45}},"loc":{"start":{"line":72,"column":8},"end":{"line":72,"column":60}}},"6":{"name":"retrieveSchema","decl":{"start":{"line":81,"column":16},"end":{"line":81,"column":30}},"loc":{"start":{"line":84,"column":20},"end":{"line":117,"column":null}}},"7":{"name":"stubExistingAdditionalProperties","decl":{"start":{"line":121,"column":16},"end":{"line":121,"column":48}},"loc":{"start":{"line":124,"column":20},"end":{"line":158,"column":null}}},"8":{"name":"(anonymous_9)","decl":{"start":{"line":132,"column":33},"end":{"line":132,"column":36}},"loc":{"start":{"line":132,"column":40},"end":{"line":155,"column":3}}},"9":{"name":"resolveReference","decl":{"start":{"line":173,"column":9},"end":{"line":173,"column":25}},"loc":{"start":{"line":176,"column":15},"end":{"line":188,"column":null}}},"10":{"name":"findSchemaDefinition","decl":{"start":{"line":191,"column":16},"end":{"line":191,"column":36}},"loc":{"start":{"line":193,"column":17},"end":{"line":211,"column":null}}},"11":{"name":"resolveDependencies","decl":{"start":{"line":213,"column":9},"end":{"line":213,"column":28}},"loc":{"start":{"line":216,"column":15},"end":{"line":237,"column":null}}},"12":{"name":"processDependencies","decl":{"start":{"line":238,"column":9},"end":{"line":238,"column":28}},"loc":{"start":{"line":242,"column":15},"end":{"line":278,"column":null}}},"13":{"name":"withDependentProperties","decl":{"start":{"line":280,"column":9},"end":{"line":280,"column":32}},"loc":{"start":{"line":280,"column":71},"end":{"line":288,"column":null}}},"14":{"name":"withDependentSchema","decl":{"start":{"line":290,"column":9},"end":{"line":290,"column":28}},"loc":{"start":{"line":295,"column":22},"end":{"line":323,"column":null}}},"15":{"name":"(anonymous_16)","decl":{"start":{"line":311,"column":35},"end":{"line":311,"column":44}},"loc":{"start":{"line":312,"column":4},"end":{"line":314,"column":17}}},"16":{"name":"withExactlyOneSubschema","decl":{"start":{"line":325,"column":9},"end":{"line":325,"column":32}},"loc":{"start":{"line":330,"column":12},"end":{"line":365,"column":null}}},"17":{"name":"(anonymous_18)","decl":{"start":{"line":332,"column":40},"end":{"line":332,"column":54}},"loc":{"start":{"line":332,"column":58},"end":{"line":348,"column":3}}},"18":{"name":"mergeSchemas","decl":{"start":{"line":372,"column":16},"end":{"line":372,"column":28}},"loc":{"start":{"line":372,"column":49},"end":{"line":395,"column":null}}},"19":{"name":"(anonymous_20)","decl":{"start":{"line":374,"column":34},"end":{"line":374,"column":35}},"loc":{"start":{"line":374,"column":47},"end":{"line":394,"column":3}}},"20":{"name":"getSchemaType","decl":{"start":{"line":406,"column":16},"end":{"line":406,"column":29}},"loc":{"start":{"line":406,"column":48},"end":{"line":451,"column":null}}},"21":{"name":"(anonymous_22)","decl":{"start":{"line":423,"column":19},"end":{"line":423,"column":23}},"loc":{"start":{"line":423,"column":28},"end":{"line":423,"column":43}}},"22":{"name":"guessType","decl":{"start":{"line":455,"column":34},"end":{"line":455,"column":43}},"loc":{"start":{"line":455,"column":54},"end":{"line":471,"column":1}}},"23":{"name":"isConstant","decl":{"start":{"line":473,"column":16},"end":{"line":473,"column":26}},"loc":{"start":{"line":473,"column":45},"end":{"line":478,"column":null}}},"24":{"name":"isSelect","decl":{"start":{"line":480,"column":16},"end":{"line":480,"column":24}},"loc":{"start":{"line":480,"column":66},"end":{"line":489,"column":null}}},"25":{"name":"(anonymous_26)","decl":{"start":{"line":486,"column":29},"end":{"line":486,"column":39}},"loc":{"start":{"line":486,"column":44},"end":{"line":486,"column":66}}},"26":{"name":"isMultiSelect","decl":{"start":{"line":491,"column":16},"end":{"line":491,"column":29}},"loc":{"start":{"line":491,"column":77},"end":{"line":496,"column":null}}},"27":{"name":"getMatchingOption","decl":{"start":{"line":499,"column":16},"end":{"line":499,"column":33}},"loc":{"start":{"line":502,"column":53},"end":{"line":560,"column":null}}},"28":{"name":"(anonymous_29)","decl":{"start":{"line":522,"column":51},"end":{"line":522,"column":54}},"loc":{"start":{"line":522,"column":60},"end":{"line":524,"column":10}}},"29":{"name":"mergeDefaultsWithFormData","decl":{"start":{"line":562,"column":16},"end":{"line":562,"column":41}},"loc":{"start":{"line":562,"column":70},"end":{"line":585,"column":null}}},"30":{"name":"(anonymous_31)","decl":{"start":{"line":567,"column":24},"end":{"line":567,"column":25}},"loc":{"start":{"line":567,"column":39},"end":{"line":572,"column":5}}},"31":{"name":"(anonymous_32)","decl":{"start":{"line":575,"column":40},"end":{"line":575,"column":41}},"loc":{"start":{"line":575,"column":53},"end":{"line":581,"column":5}}},"32":{"name":"getDefaultFormState","decl":{"start":{"line":587,"column":16},"end":{"line":587,"column":35}},"loc":{"start":{"line":589,"column":15},"end":{"line":617,"column":null}}}},"branchMap":{"0":{"loc":{"start":{"line":16,"column":9},"end":{"line":16,"column":77}},"type":"binary-expr","locations":[{"start":{"line":16,"column":9},"end":{"line":16,"column":34}},{"start":{"line":16,"column":38},"end":{"line":16,"column":52}},{"start":{"line":16,"column":56},"end":{"line":16,"column":77}}]},"1":{"loc":{"start":{"line":25,"column":9},"end":{"line":25,"column":59}},"type":"binary-expr","locations":[{"start":{"line":25,"column":9},"end":{"line":25,"column":24}},{"start":{"line":25,"column":28},"end":{"line":25,"column":59}}]},"2":{"loc":{"start":{"line":60,"column":2},"end":{"line":60,"column":17}},"type":"default-arg","locations":[{"start":{"line":60,"column":15},"end":{"line":60,"column":17}}]},"3":{"loc":{"start":{"line":61,"column":2},"end":{"line":61,"column":15}},"type":"default-arg","locations":[{"start":{"line":61,"column":13},"end":{"line":61,"column":15}}]},"4":{"loc":{"start":{"line":68,"column":13},"end":{"line":68,"column":75}},"type":"binary-expr","locations":[{"start":{"line":68,"column":13},"end":{"line":68,"column":44}},{"start":{"line":68,"column":48},"end":{"line":68,"column":75}}]},"5":{"loc":{"start":{"line":83,"column":2},"end":{"line":83,"column":17}},"type":"default-arg","locations":[{"start":{"line":83,"column":15},"end":{"line":83,"column":17}}]},"6":{"loc":{"start":{"line":84,"column":2},"end":{"line":84,"column":20}},"type":"default-arg","locations":[{"start":{"line":84,"column":18},"end":{"line":84,"column":20}}]},"7":{"loc":{"start":{"line":106,"column":4},"end":{"line":107,"column":49}},"type":"binary-expr","locations":[{"start":{"line":106,"column":4},"end":{"line":106,"column":57}},{"start":{"line":107,"column":4},"end":{"line":107,"column":49}}]},"8":{"loc":{"start":{"line":123,"column":2},"end":{"line":123,"column":29}},"type":"default-arg","locations":[{"start":{"line":123,"column":27},"end":{"line":123,"column":29}}]},"9":{"loc":{"start":{"line":124,"column":2},"end":{"line":124,"column":20}},"type":"default-arg","locations":[{"start":{"line":124,"column":18},"end":{"line":124,"column":20}}]},"10":{"loc":{"start":{"line":193,"column":2},"end":{"line":193,"column":17}},"type":"default-arg","locations":[{"start":{"line":193,"column":15},"end":{"line":193,"column":17}}]},"11":{"loc":{"start":{"line":219,"column":8},"end":{"line":219,"column":25}},"type":"default-arg","locations":[{"start":{"line":219,"column":23},"end":{"line":219,"column":25}}]},"12":{"loc":{"start":{"line":252,"column":6},"end":{"line":253,"column":51}},"type":"binary-expr","locations":[{"start":{"line":252,"column":6},"end":{"line":252,"column":31}},{"start":{"line":253,"column":6},"end":{"line":253,"column":51}}]},"13":{"loc":{"start":{"line":284,"column":19},"end":{"line":286,"column":26}},"type":"cond-expr","locations":[{"start":{"line":285,"column":6},"end":{"line":285,"column":72}},{"start":{"line":286,"column":6},"end":{"line":286,"column":26}}]},"14":{"loc":{"start":{"line":312,"column":4},"end":{"line":314,"column":17}},"type":"cond-expr","locations":[{"start":{"line":313,"column":8},"end":{"line":313,"column":57}},{"start":{"line":314,"column":8},"end":{"line":314,"column":17}}]},"15":{"loc":{"start":{"line":346,"column":13},"end":{"line":346,"column":43}},"type":"binary-expr","locations":[{"start":{"line":346,"column":13},"end":{"line":346,"column":20}},{"start":{"line":346,"column":24},"end":{"line":346,"column":43}}]},"16":{"loc":{"start":{"line":375,"column":17},"end":{"line":375,"column":38}},"type":"cond-expr","locations":[{"start":{"line":375,"column":24},"end":{"line":375,"column":33}},{"start":{"line":375,"column":36},"end":{"line":375,"column":38}}]},"17":{"loc":{"start":{"line":377,"column":8},"end":{"line":377,"column":60}},"type":"binary-expr","locations":[{"start":{"line":377,"column":8},"end":{"line":377,"column":12}},{"start":{"line":377,"column":16},"end":{"line":377,"column":41}},{"start":{"line":377,"column":45},"end":{"line":377,"column":60}}]},"18":{"loc":{"start":{"line":380,"column":6},"end":{"line":385,"column":26}},"type":"binary-expr","locations":[{"start":{"line":380,"column":6},"end":{"line":380,"column":10}},{"start":{"line":381,"column":6},"end":{"line":381,"column":10}},{"start":{"line":382,"column":7},"end":{"line":382,"column":39}},{"start":{"line":382,"column":43},"end":{"line":382,"column":75}},{"start":{"line":383,"column":6},"end":{"line":383,"column":24}},{"start":{"line":384,"column":6},"end":{"line":384,"column":25}},{"start":{"line":385,"column":6},"end":{"line":385,"column":26}}]},"19":{"loc":{"start":{"line":409,"column":6},"end":{"line":409,"column":27}},"type":"binary-expr","locations":[{"start":{"line":409,"column":6},"end":{"line":409,"column":11}},{"start":{"line":409,"column":15},"end":{"line":409,"column":27}}]},"20":{"loc":{"start":{"line":413,"column":6},"end":{"line":413,"column":26}},"type":"binary-expr","locations":[{"start":{"line":413,"column":6},"end":{"line":413,"column":11}},{"start":{"line":413,"column":15},"end":{"line":413,"column":26}}]},"21":{"loc":{"start":{"line":417,"column":6},"end":{"line":417,"column":65}},"type":"binary-expr","locations":[{"start":{"line":417,"column":6},"end":{"line":417,"column":11}},{"start":{"line":417,"column":16},"end":{"line":417,"column":33}},{"start":{"line":417,"column":37},"end":{"line":417,"column":64}}]},"22":{"loc":{"start":{"line":422,"column":6},"end":{"line":422,"column":64}},"type":"binary-expr","locations":[{"start":{"line":422,"column":6},"end":{"line":422,"column":24}},{"start":{"line":422,"column":28},"end":{"line":422,"column":42}},{"start":{"line":422,"column":46},"end":{"line":422,"column":64}}]},"23":{"loc":{"start":{"line":475,"column":5},"end":{"line":476,"column":34}},"type":"binary-expr","locations":[{"start":{"line":475,"column":5},"end":{"line":475,"column":31}},{"start":{"line":475,"column":35},"end":{"line":475,"column":59}},{"start":{"line":476,"column":4},"end":{"line":476,"column":34}}]},"24":{"loc":{"start":{"line":480,"column":39},"end":{"line":480,"column":66}},"type":"default-arg","locations":[{"start":{"line":480,"column":64},"end":{"line":480,"column":66}}]},"25":{"loc":{"start":{"line":482,"column":21},"end":{"line":482,"column":49}},"type":"binary-expr","locations":[{"start":{"line":482,"column":21},"end":{"line":482,"column":33}},{"start":{"line":482,"column":37},"end":{"line":482,"column":49}}]},"26":{"loc":{"start":{"line":491,"column":50},"end":{"line":491,"column":77}},"type":"default-arg","locations":[{"start":{"line":491,"column":75},"end":{"line":491,"column":77}}]},"27":{"loc":{"start":{"line":492,"column":6},"end":{"line":492,"column":42}},"type":"binary-expr","locations":[{"start":{"line":492,"column":6},"end":{"line":492,"column":25}},{"start":{"line":492,"column":29},"end":{"line":492,"column":42}}]},"28":{"loc":{"start":{"line":577,"column":8},"end":{"line":577,"column":37}},"type":"cond-expr","locations":[{"start":{"line":577,"column":19},"end":{"line":577,"column":32}},{"start":{"line":577,"column":35},"end":{"line":577,"column":37}}]},"29":{"loc":{"start":{"line":610,"column":6},"end":{"line":610,"column":51}},"type":"binary-expr","locations":[{"start":{"line":610,"column":6},"end":{"line":610,"column":24}},{"start":{"line":610,"column":28},"end":{"line":610,"column":51}}]},"30":{"loc":{"start":{"line":613,"column":6},"end":{"line":613,"column":61}},"type":"binary-expr","locations":[{"start":{"line":613,"column":6},"end":{"line":613,"column":20}},{"start":{"line":613,"column":24},"end":{"line":613,"column":42}},{"start":{"line":613,"column":46},"end":{"line":613,"column":61}}]},"31":{"loc":{"start":{"line":616,"column":9},"end":{"line":616,"column":29}},"type":"binary-expr","locations":[{"start":{"line":616,"column":9},"end":{"line":616,"column":17}},{"start":{"line":616,"column":21},"end":{"line":616,"column":29}}]}},"s":{"0":3,"1":3,"2":3,"3":3,"4":46,"5":3,"6":0,"7":3,"8":102,"9":3,"10":3,"11":0,"12":0,"13":3,"14":0,"15":0,"16":0,"17":0,"18":0,"19":34,"20":3,"21":0,"22":34,"23":0,"24":0,"25":0,"26":0,"27":34,"28":0,"29":34,"30":3,"31":3,"32":0,"33":0,"34":0,"35":0,"36":0,"37":0,"38":0,"39":0,"40":0,"41":3,"42":0,"43":0,"44":0,"45":0,"46":0,"47":0,"48":0,"49":0,"50":0,"51":0,"52":3,"53":0,"54":0,"55":0,"56":0,"57":0,"58":0,"59":0,"60":0,"61":0,"62":0,"63":0,"64":0,"65":0,"66":0,"67":0,"68":0,"69":0,"70":0,"71":0,"72":0,"73":0,"74":0,"75":0,"76":0,"77":0,"78":0,"79":0,"80":0,"81":0,"82":0,"83":0,"84":0,"85":0,"86":0,"87":0,"88":0,"89":0,"90":0,"91":0,"92":0,"93":0,"94":3,"95":0,"96":0,"97":0,"98":0,"99":0,"100":0,"101":0,"102":0,"103":3,"104":3,"105":0,"106":0,"107":0,"108":0,"109":0,"110":0,"111":0,"112":3,"113":0,"114":3,"115":0,"116":0,"117":0,"118":0,"119":0,"120":0,"121":3,"122":0,"123":0,"124":3,"125":0,"126":0,"127":0,"128":0,"129":0,"130":0,"131":0,"132":0,"133":0,"134":0,"135":0,"136":0,"137":0,"138":0,"139":3,"140":0,"141":0,"142":0,"143":0,"144":0,"145":0,"146":0,"147":0,"148":0,"149":3,"150":0,"151":0,"152":0,"153":0,"154":0,"155":0,"156":3},"f":{"0":46,"1":0,"2":102,"3":0,"4":34,"5":0,"6":34,"7":0,"8":0,"9":0,"10":0,"11":0,"12":0,"13":0,"14":0,"15":0,"16":0,"17":0,"18":0,"19":0,"20":0,"21":0,"22":0,"23":0,"24":0,"25":0,"26":0,"27":0,"28":0,"29":0,"30":0,"31":0,"32":0},"b":{"0":[46,44,44],"1":[0,0],"2":[0],"3":[0],"4":[34,0],"5":[0],"6":[10],"7":[34,0],"8":[0],"9":[0],"10":[0],"11":[0],"12":[0,0],"13":[0,0],"14":[0,0],"15":[0,0],"16":[0,0],"17":[0,0,0],"18":[0,0,0,0,0,0,0],"19":[0,0],"20":[0,0],"21":[0,0,0],"22":[0,0,0],"23":[0,0,0],"24":[0],"25":[0,0],"26":[0],"27":[0,0],"28":[0,0],"29":[0,0],"30":[0,0,0],"31":[0,0]}}
,"/Users/huangqixiao/Documents/myProject/vue3-json-schema-form/lib/validator.ts": {"path":"/Users/huangqixiao/Documents/myProject/vue3-json-schema-form/lib/validator.ts","statementMap":{"0":{"start":{"line":3,"column":0},"end":{"line":3,"column":null}},"1":{"start":{"line":4,"column":0},"end":{"line":4,"column":null}},"2":{"start":{"line":5,"column":0},"end":{"line":5,"column":null}},"3":{"start":{"line":21,"column":2},"end":{"line":21,"column":null}},"4":{"start":{"line":21,"column":25},"end":{"line":21,"column":null}},"5":{"start":{"line":22,"column":2},"end":{"line":47,"column":null}},"6":{"start":{"line":23,"column":34},"end":{"line":23,"column":39}},"7":{"start":{"line":24,"column":17},"end":{"line":24,"column":33}},"8":{"start":{"line":25,"column":17},"end":{"line":25,"column":28}},"9":{"start":{"line":28,"column":6},"end":{"line":28,"column":null}},"10":{"start":{"line":33,"column":9},"end":{"line":33,"column":null}},"11":{"start":{"line":35,"column":6},"end":{"line":35,"column":null}},"12":{"start":{"line":39,"column":6},"end":{"line":39,"column":null}},"13":{"start":{"line":42,"column":8},"end":{"line":42,"column":null}},"14":{"start":{"line":46,"column":4},"end":{"line":46,"column":null}},"15":{"start":{"line":53,"column":2},"end":{"line":53,"column":null}},"16":{"start":{"line":53,"column":47},"end":{"line":53,"column":null}},"17":{"start":{"line":55,"column":2},"end":{"line":65,"column":null}},"18":{"start":{"line":57,"column":6},"end":{"line":63,"column":null}},"19":{"start":{"line":75,"column":24},"end":{"line":75,"column":28}},"20":{"start":{"line":77,"column":4},"end":{"line":77,"column":null}},"21":{"start":{"line":79,"column":4},"end":{"line":79,"column":null}},"22":{"start":{"line":82,"column":2},"end":{"line":82,"column":null}},"23":{"start":{"line":84,"column":15},"end":{"line":84,"column":48}},"24":{"start":{"line":86,"column":4},"end":{"line":91,"column":null}},"25":{"start":{"line":94,"column":22},"end":{"line":94,"column":43}},"26":{"start":{"line":97,"column":4},"end":{"line":101,"column":null}},"27":{"start":{"line":104,"column":16},"end":{"line":104,"column":34}},"28":{"start":{"line":105,"column":2},"end":{"line":105,"column":null}},"29":{"start":{"line":106,"column":25},"end":{"line":106,"column":64}},"30":{"start":{"line":107,"column":2},"end":{"line":111,"column":null}},"31":{"start":{"line":68,"column":0},"end":{"line":68,"column":7}},"32":{"start":{"line":115,"column":14},"end":{"line":115,"column":16}},"33":{"start":{"line":116,"column":2},"end":{"line":136,"column":null}},"34":{"start":{"line":119,"column":8},"end":{"line":126,"column":null}},"35":{"start":{"line":120,"column":27},"end":{"line":120,"column":67}},"36":{"start":{"line":122,"column":12},"end":{"line":122,"column":null}},"37":{"start":{"line":124,"column":13},"end":{"line":124,"column":null}},"38":{"start":{"line":128,"column":18},"end":{"line":128,"column":51}},"39":{"start":{"line":130,"column":23},"end":{"line":130,"column":41}},"40":{"start":{"line":131,"column":9},"end":{"line":131,"column":null}},"41":{"start":{"line":132,"column":8},"end":{"line":132,"column":null}},"42":{"start":{"line":134,"column":6},"end":{"line":134,"column":null}},"43":{"start":{"line":141,"column":22},"end":{"line":141,"column":45}},"44":{"start":{"line":142,"column":2},"end":{"line":153,"column":null}},"45":{"start":{"line":143,"column":17},"end":{"line":143,"column":38}},"46":{"start":{"line":144,"column":18},"end":{"line":144,"column":27}},"47":{"start":{"line":146,"column":6},"end":{"line":146,"column":null}},"48":{"start":{"line":148,"column":6},"end":{"line":148,"column":null}},"49":{"start":{"line":150,"column":6},"end":{"line":150,"column":null}},"50":{"start":{"line":152,"column":4},"end":{"line":152,"column":null}},"51":{"start":{"line":139,"column":0},"end":{"line":139,"column":16}}},"fnMap":{"0":{"name":"toErrorSchema","decl":{"start":{"line":20,"column":9},"end":{"line":20,"column":22}},"loc":{"start":{"line":20,"column":53},"end":{"line":48,"column":null}}},"1":{"name":"(anonymous_2)","decl":{"start":{"line":22,"column":23},"end":{"line":22,"column":24}},"loc":{"start":{"line":22,"column":46},"end":{"line":47,"column":3}}},"2":{"name":"transformErrors","decl":{"start":{"line":50,"column":9},"end":{"line":50,"column":24}},"loc":{"start":{"line":51,"column":42},"end":{"line":66,"column":null}}},"3":{"name":"(anonymous_4)","decl":{"start":{"line":56,"column":4},"end":{"line":56,"column":5}},"loc":{"start":{"line":56,"column":63},"end":{"line":64,"column":5}}},"4":{"name":"validatorFormData","decl":{"start":{"line":68,"column":22},"end":{"line":68,"column":39}},"loc":{"start":{"line":73,"column":51},"end":{"line":112,"column":null}}},"5":{"name":"createErrorProxy","decl":{"start":{"line":114,"column":9},"end":{"line":114,"column":25}},"loc":{"start":{"line":114,"column":25},"end":{"line":137,"column":null}}},"6":{"name":"(anonymous_7)","decl":{"start":{"line":117,"column":4},"end":{"line":117,"column":7}},"loc":{"start":{"line":117,"column":28},"end":{"line":135,"column":null}}},"7":{"name":"(anonymous_8)","decl":{"start":{"line":119,"column":16},"end":{"line":119,"column":27}},"loc":{"start":{"line":119,"column":31},"end":{"line":126,"column":9}}},"8":{"name":"mergetObjects","decl":{"start":{"line":139,"column":16},"end":{"line":139,"column":29}},"loc":{"start":{"line":139,"column":72},"end":{"line":154,"column":null}}},"9":{"name":"(anonymous_10)","decl":{"start":{"line":142,"column":34},"end":{"line":142,"column":35}},"loc":{"start":{"line":142,"column":55},"end":{"line":153,"column":3}}}},"branchMap":{"0":{"loc":{"start":{"line":21,"column":2},"end":{"line":21,"column":null}},"type":"if","locations":[{"start":{"line":21,"column":2},"end":{"line":21,"column":null}}]},"1":{"loc":{"start":{"line":27,"column":8},"end":{"line":27,"column":41}},"type":"binary-expr","locations":[{"start":{"line":27,"column":8},"end":{"line":27,"column":23}},{"start":{"line":27,"column":27},"end":{"line":27,"column":41}}]},"2":{"loc":{"start":{"line":39,"column":47},"end":{"line":39,"column":60}},"type":"binary-expr","locations":[{"start":{"line":39,"column":47},"end":{"line":39,"column":54}},{"start":{"line":39,"column":58},"end":{"line":39,"column":60}}]},"3":{"loc":{"start":{"line":53,"column":2},"end":{"line":53,"column":null}},"type":"if","locations":[{"start":{"line":53,"column":2},"end":{"line":53,"column":null}}]},"4":{"loc":{"start":{"line":53,"column":6},"end":{"line":53,"column":45}},"type":"binary-expr","locations":[{"start":{"line":53,"column":6},"end":{"line":53,"column":21}},{"start":{"line":53,"column":25},"end":{"line":53,"column":45}}]},"5":{"loc":{"start":{"line":121,"column":14},"end":{"line":121,"column":49}},"type":"binary-expr","locations":[{"start":{"line":121,"column":14},"end":{"line":121,"column":22}},{"start":{"line":121,"column":26},"end":{"line":121,"column":49}}]},"6":{"loc":{"start":{"line":139,"column":52},"end":{"line":139,"column":72}},"type":"default-arg","locations":[{"start":{"line":139,"column":67},"end":{"line":139,"column":72}}]},"7":{"loc":{"start":{"line":143,"column":17},"end":{"line":143,"column":38}},"type":"cond-expr","locations":[{"start":{"line":143,"column":24},"end":{"line":143,"column":33}},{"start":{"line":143,"column":36},"end":{"line":143,"column":38}}]},"8":{"loc":{"start":{"line":145,"column":8},"end":{"line":145,"column":59}},"type":"binary-expr","locations":[{"start":{"line":145,"column":8},"end":{"line":145,"column":12}},{"start":{"line":145,"column":16},"end":{"line":145,"column":40}},{"start":{"line":145,"column":44},"end":{"line":145,"column":59}}]},"9":{"loc":{"start":{"line":147,"column":15},"end":{"line":147,"column":74}},"type":"binary-expr","locations":[{"start":{"line":147,"column":15},"end":{"line":147,"column":27}},{"start":{"line":147,"column":31},"end":{"line":147,"column":50}},{"start":{"line":147,"column":54},"end":{"line":147,"column":74}}]}},"s":{"0":3,"1":3,"2":3,"3":0,"4":0,"5":0,"6":0,"7":0,"8":0,"9":0,"10":0,"11":0,"12":0,"13":0,"14":0,"15":0,"16":0,"17":0,"18":0,"19":0,"20":0,"21":0,"22":0,"23":0,"24":0,"25":0,"26":0,"27":0,"28":0,"29":0,"30":0,"31":3,"32":0,"33":0,"34":0,"35":0,"36":0,"37":0,"38":0,"39":0,"40":0,"41":0,"42":0,"43":0,"44":0,"45":0,"46":0,"47":0,"48":0,"49":0,"50":0,"51":3},"f":{"0":0,"1":0,"2":0,"3":0,"4":0,"5":0,"6":0,"7":0,"8":0,"9":0},"b":{"0":[0],"1":[0,0],"2":[0,0],"3":[0],"4":[0,0],"5":[0,0],"6":[0],"7":[0,0],"8":[0,0,0],"9":[0,0,0]}}
,"/Users/huangqixiao/Documents/myProject/vue3-json-schema-form/lib/components/ArrayComponent.tsx": {"path":"/Users/huangqixiao/Documents/myProject/vue3-json-schema-form/lib/components/ArrayComponent.tsx","statementMap":{"0":{"start":{"line":1,"column":0},"end":{"line":1,"column":null}},"1":{"start":{"line":2,"column":0},"end":{"line":2,"column":null}},"2":{"start":{"line":3,"column":0},"end":{"line":3,"column":null}},"3":{"start":{"line":4,"column":0},"end":{"line":4,"column":null}},"4":{"start":{"line":5,"column":0},"end":{"line":5,"column":null}},"5":{"start":{"line":6,"column":0},"end":{"line":6,"column":null}},"6":{"start":{"line":9,"column":18},"end":{"line":29,"column":2}},"7":{"start":{"line":31,"column":25},"end":{"line":84,"column":2}},"8":{"start":{"line":56,"column":23},"end":{"line":56,"column":34}},"9":{"start":{"line":57,"column":22},"end":{"line":57,"column":52}},"10":{"start":{"line":57,"column":28},"end":{"line":57,"column":52}},"11":{"start":{"line":58,"column":25},"end":{"line":58,"column":58}},"12":{"start":{"line":58,"column":31},"end":{"line":58,"column":58}},"13":{"start":{"line":59,"column":21},"end":{"line":59,"column":50}},"14":{"start":{"line":59,"column":27},"end":{"line":59,"column":50}},"15":{"start":{"line":60,"column":23},"end":{"line":60,"column":54}},"16":{"start":{"line":60,"column":29},"end":{"line":60,"column":54}},"17":{"start":{"line":61,"column":4},"end":{"line":82,"column":null}},"18":{"start":{"line":62,"column":22},"end":{"line":62,"column":38}},"19":{"start":{"line":63,"column":6},"end":{"line":79,"column":null}},"20":{"start":{"line":219,"column":9},"end":{"line":219,"column":null}},"21":{"start":{"line":99,"column":0},"end":{"line":217,"column":null}},"22":{"start":{"line":103,"column":25},"end":{"line":106,"column":6}},"23":{"start":{"line":104,"column":24},"end":{"line":104,"column":78}},"24":{"start":{"line":105,"column":6},"end":{"line":105,"column":null}},"25":{"start":{"line":108,"column":21},"end":{"line":108,"column":32}},"26":{"start":{"line":110,"column":30},"end":{"line":115,"column":5}},"27":{"start":{"line":111,"column":20},"end":{"line":111,"column":65}},"28":{"start":{"line":112,"column":6},"end":{"line":112,"column":null}},"29":{"start":{"line":114,"column":6},"end":{"line":114,"column":null}},"30":{"start":{"line":118,"column":23},"end":{"line":123,"column":5}},"31":{"start":{"line":119,"column":20},"end":{"line":119,"column":65}},"32":{"start":{"line":120,"column":6},"end":{"line":120,"column":null}},"33":{"start":{"line":122,"column":6},"end":{"line":122,"column":null}},"34":{"start":{"line":124,"column":26},"end":{"line":129,"column":5}},"35":{"start":{"line":125,"column":20},"end":{"line":125,"column":65}},"36":{"start":{"line":126,"column":6},"end":{"line":126,"column":null}},"37":{"start":{"line":128,"column":6},"end":{"line":128,"column":null}},"38":{"start":{"line":130,"column":22},"end":{"line":138,"column":5}},"39":{"start":{"line":131,"column":20},"end":{"line":131,"column":65}},"40":{"start":{"line":132,"column":6},"end":{"line":132,"column":null}},"41":{"start":{"line":132,"column":29},"end":{"line":132,"column":null}},"42":{"start":{"line":133,"column":18},"end":{"line":133,"column":34}},"43":{"start":{"line":134,"column":6},"end":{"line":134,"column":null}},"44":{"start":{"line":135,"column":6},"end":{"line":135,"column":null}},"45":{"start":{"line":137,"column":6},"end":{"line":137,"column":null}},"46":{"start":{"line":139,"column":24},"end":{"line":147,"column":5}},"47":{"start":{"line":140,"column":20},"end":{"line":140,"column":65}},"48":{"start":{"line":141,"column":6},"end":{"line":141,"column":null}},"49":{"start":{"line":141,"column":29},"end":{"line":141,"column":null}},"50":{"start":{"line":142,"column":19},"end":{"line":142,"column":35}},"51":{"start":{"line":143,"column":6},"end":{"line":143,"column":null}},"52":{"start":{"line":144,"column":6},"end":{"line":144,"column":null}},"53":{"start":{"line":146,"column":6},"end":{"line":146,"column":null}},"54":{"start":{"line":149,"column":4},"end":{"line":215,"column":null}},"55":{"start":{"line":150,"column":29},"end":{"line":150,"column":37}},"56":{"start":{"line":151,"column":30},"end":{"line":151,"column":48}},"57":{"start":{"line":152,"column":67},"end":{"line":152,"column":72}},"58":{"start":{"line":153,"column":27},"end":{"line":153,"column":55}},"59":{"start":{"line":154,"column":28},"end":{"line":154,"column":71}},"60":{"start":{"line":158,"column":36},"end":{"line":158,"column":65}},"61":{"start":{"line":159,"column":29},"end":{"line":159,"column":62}},"62":{"start":{"line":160,"column":8},"end":{"line":176,"column":null}},"63":{"start":{"line":161,"column":32},"end":{"line":161,"column":47}},"64":{"start":{"line":162,"column":21},"end":{"line":164,"column":33}},"65":{"start":{"line":165,"column":10},"end":{"line":173,"column":null}},"66":{"start":{"line":171,"column":36},"end":{"line":171,"column":63}},"67":{"start":{"line":179,"column":29},"end":{"line":179,"column":62}},"68":{"start":{"line":180,"column":8},"end":{"line":198,"column":null}},"69":{"start":{"line":180,"column":57},"end":{"line":195,"column":null}},"70":{"start":{"line":186,"column":30},"end":{"line":195,"column":null}},"71":{"start":{"line":193,"column":36},"end":{"line":193,"column":63}},"72":{"start":{"line":200,"column":23},"end":{"line":200,"column":48}},"73":{"start":{"line":201,"column":24},"end":{"line":204,"column":11}},"74":{"start":{"line":201,"column":50},"end":{"line":204,"column":10}},"75":{"start":{"line":205,"column":8},"end":{"line":211,"column":null}}},"fnMap":{"0":{"name":"(anonymous_0)","decl":{"start":{"line":55,"column":2},"end":{"line":55,"column":7}},"loc":{"start":{"line":55,"column":24},"end":{"line":83,"column":null}}},"1":{"name":"(anonymous_1)","decl":{"start":{"line":57,"column":22},"end":{"line":57,"column":28}},"loc":{"start":{"line":57,"column":28},"end":{"line":57,"column":52}}},"2":{"name":"(anonymous_2)","decl":{"start":{"line":58,"column":25},"end":{"line":58,"column":31}},"loc":{"start":{"line":58,"column":31},"end":{"line":58,"column":58}}},"3":{"name":"(anonymous_3)","decl":{"start":{"line":59,"column":21},"end":{"line":59,"column":27}},"loc":{"start":{"line":59,"column":27},"end":{"line":59,"column":50}}},"4":{"name":"(anonymous_4)","decl":{"start":{"line":60,"column":23},"end":{"line":60,"column":29}},"loc":{"start":{"line":60,"column":29},"end":{"line":60,"column":54}}},"5":{"name":"(anonymous_5)","decl":{"start":{"line":61,"column":11},"end":{"line":61,"column":16}},"loc":{"start":{"line":61,"column":16},"end":{"line":82,"column":5}}},"6":{"name":"(anonymous_6)","decl":{"start":{"line":102,"column":2},"end":{"line":102,"column":7}},"loc":{"start":{"line":102,"column":13},"end":{"line":216,"column":null}}},"7":{"name":"(anonymous_7)","decl":{"start":{"line":103,"column":34},"end":{"line":103,"column":39}},"loc":{"start":{"line":103,"column":39},"end":{"line":106,"column":5}}},"8":{"name":"(anonymous_8)","decl":{"start":{"line":110,"column":30},"end":{"line":110,"column":31}},"loc":{"start":{"line":110,"column":59},"end":{"line":115,"column":5}}},"9":{"name":"(anonymous_9)","decl":{"start":{"line":118,"column":23},"end":{"line":118,"column":36}},"loc":{"start":{"line":118,"column":40},"end":{"line":123,"column":5}}},"10":{"name":"(anonymous_10)","decl":{"start":{"line":124,"column":26},"end":{"line":124,"column":39}},"loc":{"start":{"line":124,"column":43},"end":{"line":129,"column":5}}},"11":{"name":"(anonymous_11)","decl":{"start":{"line":130,"column":22},"end":{"line":130,"column":35}},"loc":{"start":{"line":130,"column":39},"end":{"line":138,"column":5}}},"12":{"name":"(anonymous_12)","decl":{"start":{"line":139,"column":24},"end":{"line":139,"column":37}},"loc":{"start":{"line":139,"column":41},"end":{"line":147,"column":5}}},"13":{"name":"(anonymous_13)","decl":{"start":{"line":149,"column":11},"end":{"line":149,"column":16}},"loc":{"start":{"line":149,"column":16},"end":{"line":215,"column":5}}},"14":{"name":"(anonymous_14)","decl":{"start":{"line":160,"column":25},"end":{"line":160,"column":26}},"loc":{"start":{"line":160,"column":61},"end":{"line":176,"column":9}}},"15":{"name":"(anonymous_15)","decl":{"start":{"line":171,"column":25},"end":{"line":171,"column":31}},"loc":{"start":{"line":171,"column":36},"end":{"line":171,"column":63}}},"16":{"name":"(anonymous_16)","decl":{"start":{"line":180,"column":32},"end":{"line":180,"column":33}},"loc":{"start":{"line":180,"column":57},"end":{"line":195,"column":null}}},"17":{"name":"(anonymous_17)","decl":{"start":{"line":186,"column":30},"end":{"line":186,"column":null}},"loc":{"start":{"line":186,"column":30},"end":{"line":195,"column":null}}},"18":{"name":"(anonymous_18)","decl":{"start":{"line":193,"column":25},"end":{"line":193,"column":31}},"loc":{"start":{"line":193,"column":36},"end":{"line":193,"column":63}}},"19":{"name":"(anonymous_19)","decl":{"start":{"line":201,"column":35},"end":{"line":201,"column":44}},"loc":{"start":{"line":201,"column":50},"end":{"line":204,"column":10}}}},"branchMap":{"0":{"loc":{"start":{"line":79,"column":40},"end":{"line":79,"column":72}},"type":"binary-expr","locations":[{"start":{"line":79,"column":40},"end":{"line":79,"column":53}},{"start":{"line":79,"column":57},"end":{"line":79,"column":72}}]},"1":{"loc":{"start":{"line":111,"column":20},"end":{"line":111,"column":65}},"type":"cond-expr","locations":[{"start":{"line":111,"column":49},"end":{"line":111,"column":60}},{"start":{"line":111,"column":63},"end":{"line":111,"column":65}}]},"2":{"loc":{"start":{"line":119,"column":20},"end":{"line":119,"column":65}},"type":"cond-expr","locations":[{"start":{"line":119,"column":49},"end":{"line":119,"column":60}},{"start":{"line":119,"column":63},"end":{"line":119,"column":65}}]},"3":{"loc":{"start":{"line":125,"column":20},"end":{"line":125,"column":65}},"type":"cond-expr","locations":[{"start":{"line":125,"column":49},"end":{"line":125,"column":60}},{"start":{"line":125,"column":63},"end":{"line":125,"column":65}}]},"4":{"loc":{"start":{"line":131,"column":20},"end":{"line":131,"column":65}},"type":"cond-expr","locations":[{"start":{"line":131,"column":49},"end":{"line":131,"column":60}},{"start":{"line":131,"column":63},"end":{"line":131,"column":65}}]},"5":{"loc":{"start":{"line":132,"column":6},"end":{"line":132,"column":null}},"type":"if","locations":[{"start":{"line":132,"column":6},"end":{"line":132,"column":null}}]},"6":{"loc":{"start":{"line":140,"column":20},"end":{"line":140,"column":65}},"type":"cond-expr","locations":[{"start":{"line":140,"column":49},"end":{"line":140,"column":60}},{"start":{"line":140,"column":63},"end":{"line":140,"column":65}}]},"7":{"loc":{"start":{"line":141,"column":6},"end":{"line":141,"column":null}},"type":"if","locations":[{"start":{"line":141,"column":6},"end":{"line":141,"column":null}}]},"8":{"loc":{"start":{"line":154,"column":28},"end":{"line":154,"column":71}},"type":"binary-expr","locations":[{"start":{"line":154,"column":28},"end":{"line":154,"column":41}},{"start":{"line":154,"column":46},"end":{"line":154,"column":71}}]},"9":{"loc":{"start":{"line":159,"column":29},"end":{"line":159,"column":62}},"type":"cond-expr","locations":[{"start":{"line":159,"column":52},"end":{"line":159,"column":57}},{"start":{"line":159,"column":60},"end":{"line":159,"column":62}}]},"10":{"loc":{"start":{"line":162,"column":21},"end":{"line":164,"column":33}},"type":"cond-expr","locations":[{"start":{"line":163,"column":14},"end":{"line":163,"column":40}},{"start":{"line":164,"column":14},"end":{"line":164,"column":33}}]},"11":{"loc":{"start":{"line":163,"column":14},"end":{"line":163,"column":40}},"type":"binary-expr","locations":[{"start":{"line":163,"column":14},"end":{"line":163,"column":34}},{"start":{"line":163,"column":38},"end":{"line":163,"column":40}}]},"12":{"loc":{"start":{"line":164,"column":14},"end":{"line":164,"column":33}},"type":"binary-expr","locations":[{"start":{"line":164,"column":14},"end":{"line":164,"column":27}},{"start":{"line":164,"column":31},"end":{"line":164,"column":33}}]},"13":{"loc":{"start":{"line":172,"column":27},"end":{"line":172,"column":51}},"type":"binary-expr","locations":[{"start":{"line":172,"column":27},"end":{"line":172,"column":45}},{"start":{"line":172,"column":49},"end":{"line":172,"column":51}}]},"14":{"loc":{"start":{"line":179,"column":29},"end":{"line":179,"column":62}},"type":"cond-expr","locations":[{"start":{"line":179,"column":52},"end":{"line":179,"column":57}},{"start":{"line":179,"column":60},"end":{"line":179,"column":62}}]},"15":{"loc":{"start":{"line":190,"column":25},"end":{"line":190,"column":54}},"type":"binary-expr","locations":[{"start":{"line":190,"column":25},"end":{"line":190,"column":48}},{"start":{"line":190,"column":52},"end":{"line":190,"column":54}}]},"16":{"loc":{"start":{"line":194,"column":27},"end":{"line":194,"column":51}},"type":"binary-expr","locations":[{"start":{"line":194,"column":27},"end":{"line":194,"column":45}},{"start":{"line":194,"column":49},"end":{"line":194,"column":51}}]}},"s":{"0":3,"1":3,"2":3,"3":3,"4":3,"5":3,"6":3,"7":3,"8":5,"9":5,"10":0,"11":5,"12":0,"13":5,"14":0,"15":5,"16":0,"17":5,"18":8,"19":8,"20":3,"21":3,"22":5,"23":5,"24":5,"25":5,"26":5,"27":2,"28":2,"29":2,"30":5,"31":1,"32":1,"33":1,"34":5,"35":1,"36":1,"37":1,"38":5,"39":1,"40":1,"41":0,"42":1,"43":1,"44":1,"45":1,"46":5,"47":1,"48":1,"49":0,"50":1,"51":1,"52":1,"53":1,"54":5,"55":7,"56":7,"57":7,"58":7,"59":7,"60":3,"61":3,"62":3,"63":6,"64":6,"65":6,"66":2,"67":3,"68":3,"69":8,"70":8,"71":0,"72":1,"73":1,"74":3,"75":1},"f":{"0":5,"1":0,"2":0,"3":0,"4":0,"5":8,"6":5,"7":5,"8":2,"9":1,"10":1,"11":1,"12":1,"13":7,"14":6,"15":2,"16":8,"17":8,"18":0,"19":3},"b":{"0":[8,8],"1":[2,0],"2":[1,0],"3":[1,0],"4":[1,0],"5":[0],"6":[1,0],"7":[0],"8":[7,7],"9":[3,0],"10":[0,6],"11":[0,0],"12":[6,6],"13":[6,6],"14":[3,0],"15":[8,8],"16":[8,8]}}
,"/Users/huangqixiao/Documents/myProject/vue3-json-schema-form/lib/components/BooleanComponent.vue": {"path":"/Users/huangqixiao/Documents/myProject/vue3-json-schema-form/lib/components/BooleanComponent.vue","statementMap":{"0":{"start":{"line":3,"column":13},"end":{"line":10,"column":1}},"1":{"start":{"line":4,"column":10},"end":{"line":4,"column":12}},"2":{"start":{"line":5,"column":2},"end":{"line":5,"column":99}},"3":{"start":{"line":5,"column":19},"end":{"line":5,"column":99}},"4":{"start":{"line":5,"column":87},"end":{"line":5,"column":99}},"5":{"start":{"line":6,"column":2},"end":{"line":8,"column":3}},"6":{"start":{"line":6,"column":71},"end":{"line":8,"column":3}},"7":{"start":{"line":6,"column":84},"end":{"line":6,"column":85}},"8":{"start":{"line":6,"column":91},"end":{"line":6,"column":122}},"9":{"start":{"line":7,"column":4},"end":{"line":7,"column":102}},"10":{"start":{"line":7,"column":84},"end":{"line":7,"column":102}},"11":{"start":{"line":9,"column":2},"end":{"line":9,"column":11}},"12":{"start":{"line":11,"column":0},"end":{"line":13,"column":3}},"13":{"start":{"line":14,"column":12},"end":{"line":14,"column":26}},"14":{"start":{"line":15,"column":14},"end":{"line":15,"column":33}},"15":{"start":{"line":16,"column":12},"end":{"line":16,"column":26}},"16":{"start":{"line":17,"column":14},"end":{"line":17,"column":33}},"17":{"start":{"line":18,"column":0},"end":{"line":54,"column":3}},"18":{"start":{"line":22,"column":17},"end":{"line":22,"column":26}},"19":{"start":{"line":23,"column":4},"end":{"line":23,"column":13}},"20":{"start":{"line":24,"column":16},"end":{"line":24,"column":23}},"21":{"start":{"line":25,"column":27},"end":{"line":28,"column":6}},"22":{"start":{"line":26,"column":22},"end":{"line":26,"column":91}},"23":{"start":{"line":27,"column":6},"end":{"line":27,"column":29}},"24":{"start":{"line":29,"column":27},"end":{"line":36,"column":6}},"25":{"start":{"line":30,"column":15},"end":{"line":30,"column":29}},"26":{"start":{"line":31,"column":17},"end":{"line":31,"column":26}},"27":{"start":{"line":32,"column":21},"end":{"line":32,"column":34}},"28":{"start":{"line":33,"column":16},"end":{"line":33,"column":24}},"29":{"start":{"line":34,"column":15},"end":{"line":34,"column":60}},"30":{"start":{"line":35,"column":6},"end":{"line":35,"column":18}},"31":{"start":{"line":37,"column":23},"end":{"line":39,"column":5}},"32":{"start":{"line":38,"column":6},"end":{"line":38,"column":24}},"33":{"start":{"line":40,"column":24},"end":{"line":40,"column":46}},"34":{"start":{"line":41,"column":23},"end":{"line":47,"column":5}},"35":{"start":{"line":48,"column":4},"end":{"line":51,"column":7}},"36":{"start":{"line":52,"column":4},"end":{"line":52,"column":24}},"37":{"start":{"line":56,"column":0},"end":{"line":56,"column":62}},"38":{"start":{"line":57,"column":0},"end":{"line":57,"column":24}},"39":{"start":{"line":58,"column":12},"end":{"line":58,"column":26}},"40":{"start":{"line":60,"column":4},"end":{"line":65,"column":91}},"41":{"start":{"line":67,"column":0},"end":{"line":67,"column":24}},"42":{"start":{"line":68,"column":1},"end":{"line":68,"column":48}}},"fnMap":{"0":{"name":"(anonymous_0)","decl":{"start":{"line":3,"column":36},"end":{"line":3,"column":37}},"loc":{"start":{"line":3,"column":52},"end":{"line":10,"column":1}},"line":3},"1":{"name":"(anonymous_1)","decl":{"start":{"line":21,"column":9},"end":{"line":21,"column":10}},"loc":{"start":{"line":21,"column":32},"end":{"line":53,"column":3}},"line":21},"2":{"name":"(anonymous_2)","decl":{"start":{"line":25,"column":47},"end":{"line":25,"column":48}},"loc":{"start":{"line":25,"column":59},"end":{"line":28,"column":5}},"line":25},"3":{"name":"(anonymous_3)","decl":{"start":{"line":29,"column":47},"end":{"line":29,"column":48}},"loc":{"start":{"line":29,"column":59},"end":{"line":36,"column":5}},"line":29},"4":{"name":"(anonymous_4)","decl":{"start":{"line":37,"column":23},"end":{"line":37,"column":24}},"loc":{"start":{"line":37,"column":36},"end":{"line":39,"column":5}},"line":37},"5":{"name":"render","decl":{"start":{"line":59,"column":9},"end":{"line":59,"column":15}},"loc":{"start":{"line":59,"column":63},"end":{"line":66,"column":1}},"line":59}},"branchMap":{"0":{"loc":{"start":{"line":3,"column":13},"end":{"line":10,"column":1}},"type":"binary-expr","locations":[{"start":{"line":3,"column":13},"end":{"line":3,"column":17}},{"start":{"line":3,"column":21},"end":{"line":3,"column":32}},{"start":{"line":3,"column":36},"end":{"line":10,"column":1}}],"line":3},"1":{"loc":{"start":{"line":5,"column":19},"end":{"line":5,"column":99}},"type":"if","locations":[{"start":{"line":5,"column":19},"end":{"line":5,"column":99}},{"start":{},"end":{}}],"line":5},"2":{"loc":{"start":{"line":5,"column":23},"end":{"line":5,"column":85}},"type":"binary-expr","locations":[{"start":{"line":5,"column":23},"end":{"line":5,"column":65}},{"start":{"line":5,"column":69},"end":{"line":5,"column":85}}],"line":5},"3":{"loc":{"start":{"line":6,"column":2},"end":{"line":8,"column":3}},"type":"if","locations":[{"start":{"line":6,"column":2},"end":{"line":8,"column":3}},{"start":{},"end":{}}],"line":6},"4":{"loc":{"start":{"line":6,"column":6},"end":{"line":6,"column":69}},"type":"binary-expr","locations":[{"start":{"line":6,"column":6},"end":{"line":6,"column":15}},{"start":{"line":6,"column":19},"end":{"line":6,"column":69}}],"line":6},"5":{"loc":{"start":{"line":7,"column":4},"end":{"line":7,"column":102}},"type":"if","locations":[{"start":{"line":7,"column":4},"end":{"line":7,"column":102}},{"start":{},"end":{}}],"line":7},"6":{"loc":{"start":{"line":7,"column":8},"end":{"line":7,"column":82}},"type":"binary-expr","locations":[{"start":{"line":7,"column":8},"end":{"line":7,"column":27}},{"start":{"line":7,"column":31},"end":{"line":7,"column":82}}],"line":7}},"s":{"0":3,"1":1,"2":1,"3":0,"4":0,"5":1,"6":1,"7":1,"8":1,"9":0,"10":0,"11":1,"12":3,"13":3,"14":3,"15":3,"16":3,"17":3,"18":1,"19":1,"20":1,"21":1,"22":1,"23":1,"24":1,"25":1,"26":1,"27":1,"28":1,"29":1,"30":1,"31":1,"32":0,"33":1,"34":1,"35":1,"36":1,"37":3,"38":3,"39":3,"40":1,"41":3,"42":3},"f":{"0":1,"1":1,"2":1,"3":1,"4":0,"5":1},"b":{"0":[3,3,3],"1":[0,0],"2":[0,0],"3":[1,0],"4":[1,1],"5":[0,0],"6":[0,0]},"inputSourceMap":{"0":"{","1":"\"","2":"v","3":"e","4":"r","5":"s","6":"i","7":"o","8":"n","9":"\"","10":":","11":"3","12":",","13":"\"","14":"s","15":"o","16":"u","17":"r","18":"c","19":"e","20":"s","21":"\"","22":":","23":"[","24":"\"","25":"/","26":"U","27":"s","28":"e","29":"r","30":"s","31":"/","32":"h","33":"u","34":"a","35":"n","36":"g","37":"q","38":"i","39":"x","40":"i","41":"a","42":"o","43":"/","44":"D","45":"o","46":"c","47":"u","48":"m","49":"e","50":"n","51":"t","52":"s","53":"/","54":"m","55":"y","56":"P","57":"r","58":"o","59":"j","60":"e","61":"c","62":"t","63":"/","64":"v","65":"u","66":"e","67":"3","68":"-","69":"j","70":"s","71":"o","72":"n","73":"-","74":"s","75":"c","76":"h","77":"e","78":"m","79":"a","80":"-","81":"f","82":"o","83":"r","84":"m","85":"/","86":"l","87":"i","88":"b","89":"/","90":"c","91":"o","92":"m","93":"p","94":"o","95":"n","96":"e","97":"n","98":"t","99":"s","100":"/","101":"B","102":"o","103":"o","104":"l","105":"e","106":"a","107":"n","108":"C","109":"o","110":"m","111":"p","112":"o","113":"n","114":"e","115":"n","116":"t","117":".","118":"v","119":"u","120":"e","121":"\"","122":"]","123":",","124":"\"","125":"n","126":"a","127":"m","128":"e","129":"s","130":"\"","131":":","132":"[","133":"]","134":",","135":"\"","136":"m","137":"a","138":"p","139":"p","140":"i","141":"n","142":"g","143":"s","144":"\"","145":":","146":"\"","147":";","148":";","149":";","150":";","151":";","152":";","153":";","154":";","155":";","156":";","157":";","158":";","159":";","160":";","161":"A","162":"A","163":"W","164":"A","165":";","166":"A","167":"A","168":"C","169":"A","170":";","171":"A","172":"A","173":"C","174":"A","175":";","176":";","177":";","178":";","179":";","180":";","181":";","182":";","183":"I","184":"A","185":"G","186":"A","187":",","188":"I","189":"A","190":"A","191":"M","192":",","193":"g","194":"B","195":"A","196":"A","197":"g","198":"B","199":",","200":"G","201":"A","202":"A","203":"G","204":",","205":"k","206":"B","207":"A","208":"A","209":"Q","210":",","211":"E","212":"A","213":"A","214":"C","215":";","216":"M","217":"A","218":"C","219":"h","220":"C","221":",","222":"I","223":"A","224":"A","225":"M","226":",","227":"S","228":"A","229":"A","230":"S","231":",","232":"G","233":"A","234":"A","235":"G","236":",","237":"q","238":"B","239":"A","240":"A","241":"S","242":",","243":"E","244":"A","245":"A","246":"C","247":",","248":"w","249":"B","250":"A","251":"A","252":"g","253":"B","254":",","255":"C","256":"A","257":"A","258":"C","259":",","260":"a","261":"A","262":"A","263":"a","264":",","265":"E","266":"A","267":"A","268":"E","269":",","270":"K","271":"A","272":"A","273":"K","274":",","275":"C","276":"A","277":"A","278":"C","279":";","280":"M","281":"A","282":"C","283":"l","284":"E","285":",","286":"O","287":"A","288":"A","289":"O","290":",","291":"S","292":"A","293":"A","294":"S","295":",","296":"C","297":"A","298":"A","299":"C","300":",","301":"K","302":"A","303":"A","304":"K","305":";","306":"I","307":"A","308":"C","309":"x","310":"B","311":",","312":"C","313":"A","314":"A","315":"C","316":",","317":"C","318":"A","319":"A","320":"C","321":";","322":"I","323":"A","324":"C","325":"F","326":",","327":"I","328":"A","329":"A","330":"M","331":",","332":"g","333":"B","334":"A","335":"A","336":"g","337":"B","338":",","339":"G","340":"A","341":"A","342":"G","343":",","344":"k","345":"B","346":"A","347":"A","348":"Q","349":",","350":"E","351":"A","352":"A","353":"C","354":";","355":"M","356":"A","357":"C","358":"h","359":"C","360":",","361":"I","362":"A","363":"A","364":"M","365":",","366":"K","367":"A","368":"A","369":"y","370":"C","371":",","372":"K","373":"A","374":"A","375":"K","376":",","377":"C","378":"A","379":"A","380":"C","381":",","382":"Q","383":"A","384":"A","385":"S","386":";","387":"Q","388":"A","389":"A","390":"t","391":"D","392":",","393":"M","394":"A","395":"A","396":"M","397":";","398":"Q","399":"A","400":"A","401":"E","402":",","403":"U","404":"A","405":"A","406":"U","407":";","408":"Q","409":"A","410":"A","411":"E","412":",","413":"K","414":"A","415":"A","416":"K","417":";","418":"Q","419":"A","420":"A","421":"K","422":",","423":"I","424":"A","425":"A","426":"I","427":",","428":"c","429":"A","430":"A","431":"p","432":"C","433":",","434":"i","435":"C","436":"A","437":"A","438":"s","439":"C","440":",","441":"C","442":"A","443":"A","444":"k","445":"B","446":";","447":"M","448":"A","449":"C","450":"9","451":"D","452":",","453":"O","454":"A","455":"A","456":"O","457":",","458":"I","459":"A","460":"A","461":"I","462":";","463":"I","464":"A","465":"C","466":"b","467":",","468":"C","469":"A","470":"A","471":"C","472":",","473":"C","474":"A","475":"A","476":"C","477":";","478":"I","479":"A","480":"C","481":"F","482":",","483":"I","484":"A","485":"A","486":"M","487":",","488":"Y","489":"A","490":"A","491":"Y","492"
[...]
343":"{","1344":"\\","1345":"n","1346":" ","1347":" ","1348":"c","1349":"o","1350":"n","1351":"s","1352":"t","1353":" ","1354":"{","1355":" ","1356":"w","1357":"i","1358":"d","1359":"g","1360":"e","1361":"t","1362":",","1363":" ","1364":"p","1365":"r","1366":"o","1367":"p","1368":"e","1369":"r","1370":"t","1371":"i","1372":"e","1373":"s","1374":",","1375":" ","1376":"i","1377":"t","1378":"e","1379":"m","1380":"s","1381":",","1382":" ","1383":".","1384":".","1385":".","1386":"r","1387":"e","1388":"s","1389":"t","1390":" ","1391":"}","1392":" ","1393":"=","1394":" ","1395":"p","1396":"r","1397":"o","1398":"p","1399":"s","1400":".","1401":"u","1402":"i","1403":"S","1404":"c","1405":"h","1406":"e","1407":"m","1408":"a","1409":"!","1410":";","1411":"\\","1412":"n","1413":" ","1414":" ","1415":"r","1416":"e","1417":"t","1418":"u","1419":"r","1420":"n","1421":" ","1422":"r","1423":"e","1424":"s","1425":"t","1426":";","1427":"\\","1428":"n","1429":"}","1430":")","1431":";","1432":"\\","1433":"n","1434":"c","1435":"o","1436":"n","1437":"s","1438":"t","1439":" ","1440":"T","1441":"e","1442":"x","1443":"t","1444":"W","1445":"i","1446":"d","1447":"g","1448":"e","1449":"t","1450":" ","1451":"=","1452":" ","1453":"t","1454":"e","1455":"x","1456":"t","1457":"W","1458":"i","1459":"g","1460":"e","1461":"t","1462":"R","1463":"e","1464":"f","1465":".","1466":"v","1467":"a","1468":"l","1469":"u","1470":"e","1471":";","1472":"\\","1473":"n","1474":"\\","1475":"n","1476":"c","1477":"o","1478":"n","1479":"s","1480":"t","1481":" ","1482":"h","1483":"a","1484":"n","1485":"d","1486":"l","1487":"e","1488":"C","1489":"h","1490":"a","1491":"n","1492":"g","1493":"e","1494":" ","1495":"=","1496":" ","1497":"(","1498":"v","1499":":","1500":" ","1501":"s","1502":"t","1503":"r","1504":"i","1505":"n","1506":"g","1507":")","1508":" ","1509":"=","1510":">","1511":" ","1512":"{","1513":"\\","1514":"n","1515":" ","1516":" ","1517":"p","1518":"r","1519":"o","1520":"p","1521":"s","1522":".","1523":"o","1524":"n","1525":"C","1526":"h","1527":"a","1528":"n","1529":"g","1530":"e","1531":"(","1532":"v","1533":")","1534":";","1535":"\\","1536":"n","1537":"}","1538":";","1539":"\\","1540":"n","1541":"<","1542":"/","1543":"s","1544":"c","1545":"r","1546":"i","1547":"p","1548":"t","1549":">","1550":"\\","1551":"n","1552":"\"","1553":"]","1554":"}"},"_coverageSchema":"1a1c01bbd47fc00a2c39e90264f33305004495a9","hash":"be16680b7a94ea74d0243396d44e4a360c9c9664"}
,"/Users/huangqixiao/Documents/myProject/vue3-json-schema-form/lib/theme/BooleanWidget.tsx": {"path":"/Users/huangqixiao/Documents/myProject/vue3-json-schema-form/lib/theme/BooleanWidget.tsx","statementMap":{"0":{"start":{"line":1,"column":0},"end":{"line":1,"column":null}},"1":{"start":{"line":2,"column":0},"end":{"line":2,"column":null}},"2":{"start":{"line":3,"column":0},"end":{"line":3,"column":null}},"3":{"start":{"line":4,"column":0},"end":{"line":4,"column":null}},"4":{"start":{"line":6,"column":0},"end":{"line":38,"column":null}},"5":{"start":{"line":11,"column":23},"end":{"line":11,"column":31}},"6":{"start":{"line":12,"column":20},"end":{"line":14,"column":8}},"7":{"start":{"line":13,"column":8},"end":{"line":13,"column":null}},"8":{"start":{"line":15,"column":26},"end":{"line":18,"column":7}},"9":{"start":{"line":16,"column":18},"end":{"line":16,"column":30}},"10":{"start":{"line":17,"column":8},"end":{"line":17,"column":null}},"11":{"start":{"line":19,"column":6},"end":{"line":35,"column":null}},"12":{"start":{"line":20,"column":24},"end":{"line":20,"column":38}},"13":{"start":{"line":21,"column":8},"end":{"line":31,"column":null}},"14":{"start":{"line":40,"column":15},"end":{"line":64,"column":2}}},"fnMap":{"0":{"name":"(anonymous_0)","decl":{"start":{"line":10,"column":4},"end":{"line":10,"column":9}},"loc":{"start":{"line":10,"column":15},"end":{"line":36,"column":null}}},"1":{"name":"(anonymous_1)","decl":{"start":{"line":12,"column":29},"end":{"line":12,"column":34}},"loc":{"start":{"line":12,"column":34},"end":{"line":14,"column":7}}},"2":{"name":"(anonymous_2)","decl":{"start":{"line":15,"column":26},"end":{"line":15,"column":31}},"loc":{"start":{"line":15,"column":31},"end":{"line":18,"column":7}}},"3":{"name":"(anonymous_3)","decl":{"start":{"line":19,"column":13},"end":{"line":19,"column":18}},"loc":{"start":{"line":19,"column":18},"end":{"line":35,"column":7}}}},"branchMap":{"0":{"loc":{"start":{"line":30,"column":16},"end":{"line":30,"column":70}},"type":"cond-expr","locations":[{"start":{"line":30,"column":30},"end":{"line":30,"column":49}},{"start":{"line":30,"column":52},"end":{"line":30,"column":70}}]}},"s":{"0":3,"1":3,"2":3,"3":3,"4":3,"5":1,"6":1,"7":1,"8":1,"9":0,"10":0,"11":1,"12":1,"13":1,"14":3},"f":{"0":1,"1":1,"2":0,"3":1},"b":{"0":[1,0]}}
,"/Users/huangqixiao/Documents/myProject/vue3-json-schema-form/lib/theme/FormItem.tsx": {"path":"/Users/huangqixiao/Documents/myProject/vue3-json-schema-form/lib/theme/FormItem.tsx","statementMap":{"0":{"start":{"line":1,"column":0},"end":{"line":1,"column":null}},"1":{"start":{"line":2,"column":0},"end":{"line":2,"column":null}},"2":{"start":{"line":3,"column":0},"end":{"line":3,"column":null}},"3":{"start":{"line":5,"column":17},"end":{"line":19,"column":2}},"4":{"start":{"line":21,"column":17},"end":{"line":40,"column":2}},"5":{"start":{"line":25,"column":23},"end":{"line":25,"column":33}},"6":{"start":{"line":26,"column":4},"end":{"line":38,"column":null}},"7":{"start":{"line":27,"column":33},"end":{"line":27,"column":38}},"8":{"start":{"line":28,"column":22},"end":{"line":28,"column":38}},"9":{"start":{"line":29,"column":6},"end":{"line":35,"column":null}},"10":{"start":{"line":33,"column":28},"end":{"line":34,"column":null}},"11":{"start":{"line":42,"column":0},"end":{"line":42,"column":null}},"12":{"start":{"line":45,"column":2},"end":{"line":57,"column":null}},"13":{"start":{"line":49,"column":6},"end":{"line":55,"column":null}},"14":{"start":{"line":50,"column":8},"end":{"line":52,"column":null}},"15":{"start":{"line":51,"column":29},"end":{"line":52,"column":null}},"16":{"start":{"line":44,"column":0},"end":{"line":44,"column":16}}},"fnMap":{"0":{"name":"(anonymous_0)","decl":{"start":{"line":24,"column":2},"end":{"line":24,"column":7}},"loc":{"start":{"line":24,"column":24},"end":{"line":39,"column":null}}},"1":{"name":"(anonymous_1)","decl":{"start":{"line":26,"column":11},"end":{"line":26,"column":16}},"loc":{"start":{"line":26,"column":16},"end":{"line":38,"column":5}}},"2":{"name":"(anonymous_2)","decl":{"start":{"line":33,"column":24},"end":{"line":33,"column":28}},"loc":{"start":{"line":33,"column":28},"end":{"line":34,"column":null}}},"3":{"name":"withFormItem","decl":{"start":{"line":44,"column":16},"end":{"line":44,"column":28}},"loc":{"start":{"line":44,"column":40},"end":{"line":58,"column":null}}},"4":{"name":"(anonymous_4)","decl":{"start":{"line":48,"column":4},"end":{"line":48,"column":9}},"loc":{"start":{"line":48,"column":33},"end":{"line":56,"column":null}}},"5":{"name":"(anonymous_5)","decl":{"start":{"line":49,"column":13},"end":{"line":49,"column":18}},"loc":{"start":{"line":49,"column":18},"end":{"line":55,"column":7}}},"6":{"name":"(anonymous_6)","decl":{"start":{"line":51,"column":29},"end":{"line":51,"column":null}},"loc":{"start":{"line":51,"column":29},"end":{"line":52,"column":null}}}},"branchMap":{"0":{"loc":{"start":{"line":32,"column":11},"end":{"line":32,"column":43}},"type":"binary-expr","locations":[{"start":{"line":32,"column":11},"end":{"line":32,"column":24}},{"start":{"line":32,"column":28},"end":{"line":32,"column":43}}]}},"s":{"0":3,"1":3,"2":3,"3":3,"4":3,"5":20,"6":20,"7":25,"8":25,"9":25,"10":0,"11":3,"12":15,"13":20,"14":25,"15":25,"16":3},"f":{"0":20,"1":25,"2":0,"3":15,"4":20,"5":25,"6":25},"b":{"0":[25,25]}}
,"/Users/huangqixiao/Documents/myProject/vue3-json-schema-form/lib/theme/IntegerWidget.tsx": {"path":"/Users/huangqixiao/Documents/myProject/vue3-json-schema-form/lib/theme/IntegerWidget.tsx","statementMap":{"0":{"start":{"line":1,"column":0},"end":{"line":1,"column":null}},"1":{"start":{"line":2,"column":0},"end":{"line":2,"column":null}},"2":{"start":{"line":3,"column":0},"end":{"line":3,"column":null}},"3":{"start":{"line":5,"column":0},"end":{"line":31,"column":null}},"4":{"start":{"line":10,"column":28},"end":{"line":13,"column":7}},"5":{"start":{"line":11,"column":18},"end":{"line":11,"column":32}},"6":{"start":{"line":12,"column":8},"end":{"line":12,"column":null}},"7":{"start":{"line":14,"column":6},"end":{"line":28,"column":null}},"8":{"start":{"line":15,"column":35},"end":{"line":15,"column":47}},"9":{"start":{"line":16,"column":8},"end":{"line":16,"column":null}},"10":{"start":{"line":16,"column":22},"end":{"line":16,"column":null}},"11":{"start":{"line":17,"column":8},"end":{"line":17,"column":null}},"12":{"start":{"line":17,"column":22},"end":{"line":17,"column":null}},"13":{"start":{"line":18,"column":8},"end":{"line":25,"column":null}}},"fnMap":{"0":{"name":"(anonymous_0)","decl":{"start":{"line":9,"column":4},"end":{"line":9,"column":9}},"loc":{"start":{"line":9,"column":15},"end":{"line":29,"column":null}}},"1":{"name":"(anonymous_1)","decl":{"start":{"line":10,"column":28},"end":{"line":10,"column":34}},"loc":{"start":{"line":10,"column":38},"end":{"line":13,"column":7}}},"2":{"name":"(anonymous_2)","decl":{"start":{"line":14,"column":13},"end":{"line":14,"column":18}},"loc":{"start":{"line":14,"column":18},"end":{"line":28,"column":7}}}},"branchMap":{"0":{"loc":{"start":{"line":16,"column":8},"end":{"line":16,"column":null}},"type":"if","locations":[{"start":{"line":16,"column":8},"end":{"line":16,"column":null}}]},"1":{"loc":{"start":{"line":17,"column":8},"end":{"line":17,"column":null}},"type":"if","locations":[{"start":{"line":17,"column":8},"end":{"line":17,"column":null}}]}},"s":{"0":3,"1":3,"2":3,"3":3,"4":1,"5":0,"6":0,"7":1,"8":1,"9":1,"10":1,"11":1,"12":1,"13":1},"f":{"0":1,"1":0,"2":1},"b":{"0":[1],"1":[1]}}
,"/Users/huangqixiao/Documents/myProject/vue3-json-schema-form/lib/theme/NumberWidget.tsx": {"path":"/Users/huangqixiao/Documents/myProject/vue3-json-schema-form/lib/theme/NumberWidget.tsx","statementMap":{"0":{"start":{"line":1,"column":0},"end":{"line":1,"column":null}},"1":{"start":{"line":2,"column":0},"end":{"line":2,"column":null}},"2":{"start":{"line":3,"column":0},"end":{"line":3,"column":null}},"3":{"start":{"line":5,"column":0},"end":{"line":31,"column":null}},"4":{"start":{"line":10,"column":28},"end":{"line":17,"column":7}},"5":{"start":{"line":11,"column":20},"end":{"line":11,"column":42}},"6":{"start":{"line":13,"column":10},"end":{"line":13,"column":null}},"7":{"start":{"line":15,"column":10},"end":{"line":15,"column":null}},"8":{"start":{"line":18,"column":6},"end":{"line":28,"column":null}},"9":{"start":{"line":19,"column":8},"end":{"line":25,"column":null}}},"fnMap":{"0":{"name":"(anonymous_0)","decl":{"start":{"line":9,"column":4},"end":{"line":9,"column":9}},"loc":{"start":{"line":9,"column":15},"end":{"line":29,"column":null}}},"1":{"name":"(anonymous_1)","decl":{"start":{"line":10,"column":28},"end":{"line":10,"column":34}},"loc":{"start":{"line":10,"column":38},"end":{"line":17,"column":7}}},"2":{"name":"(anonymous_2)","decl":{"start":{"line":18,"column":13},"end":{"line":18,"column":18}},"loc":{"start":{"line":18,"column":18},"end":{"line":28,"column":7}}}},"branchMap":{},"s":{"0":3,"1":3,"2":3,"3":3,"4":6,"5":1,"6":0,"7":1,"8":6,"9":8},"f":{"0":6,"1":1,"2":8},"b":{}}
,"/Users/huangqixiao/Documents/myProject/vue3-json-schema-form/lib/theme/SelectionWidget.tsx": {"path":"/Users/huangqixiao/Documents/myProject/vue3-json-schema-form/lib/theme/SelectionWidget.tsx","statementMap":{"0":{"start":{"line":1,"column":0},"end":{"line":1,"column":null}},"1":{"start":{"line":2,"column":0},"end":{"line":2,"column":null}},"2":{"start":{"line":3,"column":0},"end":{"line":3,"column":null}},"3":{"start":{"line":5,"column":0},"end":{"line":37,"column":null}},"4":{"start":{"line":10,"column":27},"end":{"line":10,"column":43}},"5":{"start":{"line":11,"column":6},"end":{"line":15,"column":null}},"6":{"start":{"line":13,"column":10},"end":{"line":13,"column":null}},"7":{"start":{"line":16,"column":6},"end":{"line":23,"column":null}},"8":{"start":{"line":17,"column":14},"end":{"line":17,"column":25}},"9":{"start":{"line":20,"column":12},"end":{"line":20,"column":null}},"10":{"start":{"line":25,"column":6},"end":{"line":34,"column":null}},"11":{"start":{"line":26,"column":27},"end":{"line":26,"column":40}},"12":{"start":{"line":27,"column":8},"end":{"line":28,"column":null}},"13":{"start":{"line":28,"column":43},"end":{"line":28,"column":null}},"14":{"start":{"line":29,"column":33},"end":{"line":30,"column":null}}},"fnMap":{"0":{"name":"(anonymous_0)","decl":{"start":{"line":9,"column":4},"end":{"line":9,"column":9}},"loc":{"start":{"line":9,"column":15},"end":{"line":35,"column":null}}},"1":{"name":"(anonymous_1)","decl":{"start":{"line":11,"column":27},"end":{"line":11,"column":31}},"loc":{"start":{"line":11,"column":35},"end":{"line":15,"column":7}}},"2":{"name":"(anonymous_2)","decl":{"start":{"line":17,"column":8},"end":{"line":17,"column":14}},"loc":{"start":{"line":17,"column":14},"end":{"line":17,"column":25}}},"3":{"name":"(anonymous_3)","decl":{"start":{"line":18,"column":9},"end":{"line":18,"column":10}},"loc":{"start":{"line":18,"column":14},"end":{"line":22,"column":9}}},"4":{"name":"(anonymous_4)","decl":{"start":{"line":25,"column":13},"end":{"line":25,"column":18}},"loc":{"start":{"line":25,"column":18},"end":{"line":34,"column":7}}},"5":{"name":"(anonymous_5)","decl":{"start":{"line":28,"column":32},"end":{"line":28,"column":43}},"loc":{"start":{"line":28,"column":43},"end":{"line":28,"column":null}}},"6":{"name":"(anonymous_6)","decl":{"start":{"line":29,"column":29},"end":{"line":29,"column":33}},"loc":{"start":{"line":29,"column":33},"end":{"line":30,"column":null}}}},"branchMap":{},"s":{"0":3,"1":3,"2":3,"3":3,"4":1,"5":1,"6":0,"7":1,"8":1,"9":0,"10":1,"11":1,"12":1,"13":0,"14":3},"f":{"0":1,"1":0,"2":1,"3":0,"4":1,"5":0,"6":3},"b":{}}
,"/Users/huangqixiao/Documents/myProject/vue3-json-schema-form/lib/theme/TextWidget.tsx": {"path":"/Users/huangqixiao/Documents/myProject/vue3-json-schema-form/lib/theme/TextWidget.tsx","statementMap":{"0":{"start":{"line":1,"column":0},"end":{"line":1,"column":null}},"1":{"start":{"line":2,"column":0},"end":{"line":2,"column":null}},"2":{"start":{"line":3,"column":0},"end":{"line":3,"column":null}},"3":{"start":{"line":5,"column":0},"end":{"line":26,"column":null}},"4":{"start":{"line":10,"column":28},"end":{"line":12,"column":7}},"5":{"start":{"line":11,"column":8},"end":{"line":11,"column":null}},"6":{"start":{"line":13,"column":6},"end":{"line":23,"column":null}},"7":{"start":{"line":14,"column":8},"end":{"line":20,"column":null}}},"fnMap":{"0":{"name":"(anonymous_0)","decl":{"start":{"line":9,"column":4},"end":{"line":9,"column":9}},"loc":{"start":{"line":9,"column":15},"end":{"line":24,"column":null}}},"1":{"name":"(anonymous_1)","decl":{"start":{"line":10,"column":28},"end":{"line":10,"column":34}},"loc":{"start":{"line":10,"column":38},"end":{"line":12,"column":7}}},"2":{"name":"(anonymous_2)","decl":{"start":{"line":13,"column":13},"end":{"line":13,"column":18}},"loc":{"start":{"line":13,"column":18},"end":{"line":23,"column":7}}}},"branchMap":{},"s":{"0":3,"1":3,"2":3,"3":3,"4":11,"5":0,"6":11,"7":14},"f":{"0":11,"1":0,"2":14},"b":{}}
,"/Users/huangqixiao/Documents/myProject/vue3-json-schema-form/lib/theme/index.ts": {"path":"/Users/huangqixiao/Documents/myProject/vue3-json-schema-form/lib/theme/index.ts","statementMap":{"0":{"start":{"line":1,"column":0},"end":{"line":1,"column":null}},"1":{"start":{"line":2,"column":0},"end":{"line":2,"column":null}},"2":{"start":{"line":3,"column":0},"end":{"line":3,"column":null}},"3":{"start":{"line":4,"column":0},"end":{"line":4,"column":null}},"4":{"start":{"line":5,"column":0},"end":{"line":5,"column":null}},"5":{"start":{"line":6,"column":0},"end":{"line":14,"column":null}}},"fnMap":{},"branchMap":{},"s":{"0":3,"1":3,"2":3,"3":3,"4":3,"5":3},"f":{},"b":{}}
,"/Users/huangqixiao/Documents/myProject/vue3-json-schema-form/lib/widgets/Selection.tsx": {"path":"/Users/huangqixiao/Documents/myProject/vue3-json-schema-form/lib/widgets/Selection.tsx","statementMap":{"0":{"start":{"line":1,"column":0},"end":{"line":1,"column":null}},"1":{"start":{"line":3,"column":0},"end":{"line":43,"column":null}},"2":{"start":{"line":17,"column":25},"end":{"line":17,"column":41}},"3":{"start":{"line":18,"column":4},"end":{"line":22,"column":null}},"4":{"start":{"line":20,"column":8},"end":{"line":20,"column":null}},"5":{"start":{"line":23,"column":4},"end":{"line":30,"column":null}},"6":{"start":{"line":24,"column":12},"end":{"line":24,"column":23}},"7":{"start":{"line":27,"column":10},"end":{"line":27,"column":null}},"8":{"start":{"line":32,"column":4},"end":{"line":41,"column":null}},"9":{"start":{"line":33,"column":25},"end":{"line":33,"column":38}},"10":{"start":{"line":34,"column":6},"end":{"line":35,"column":null}},"11":{"start":{"line":35,"column":41},"end":{"line":35,"column":null}},"12":{"start":{"line":36,"column":31},"end":{"line":37,"column":null}}},"fnMap":{"0":{"name":"(anonymous_0)","decl":{"start":{"line":16,"column":2},"end":{"line":16,"column":7}},"loc":{"start":{"line":16,"column":13},"end":{"line":42,"column":null}}},"1":{"name":"(anonymous_1)","decl":{"start":{"line":18,"column":24},"end":{"line":18,"column":25}},"loc":{"start":{"line":18,"column":39},"end":{"line":22,"column":5}}},"2":{"name":"(anonymous_2)","decl":{"start":{"line":24,"column":6},"end":{"line":24,"column":12}},"loc":{"start":{"line":24,"column":12},"end":{"line":24,"column":23}}},"3":{"name":"(anonymous_3)","decl":{"start":{"line":25,"column":7},"end":{"line":25,"column":8}},"loc":{"start":{"line":25,"column":12},"end":{"line":29,"column":7}}},"4":{"name":"(anonymous_4)","decl":{"start":{"line":32,"column":11},"end":{"line":32,"column":16}},"loc":{"start":{"line":32,"column":16},"end":{"line":41,"column":5}}},"5":{"name":"(anonymous_5)","decl":{"start":{"line":35,"column":30},"end":{"line":35,"column":41}},"loc":{"start":{"line":35,"column":41},"end":{"line":35,"column":null}}},"6":{"name":"(anonymous_6)","decl":{"start":{"line":36,"column":27},"end":{"line":36,"column":31}},"loc":{"start":{"line":36,"column":31},"end":{"line":37,"column":null}}}},"branchMap":{},"s":{"0":3,"1":3,"2":0,"3":0,"4":0,"5":0,"6":0,"7":0,"8":0,"9":0,"10":0,"11":0,"12":0},"f":{"0":0,"1":0,"2":0,"3":0,"4":0,"5":0,"6":0},"b":{}}
,"/Users/huangqixiao/Documents/myProject/vue3-json-schema-form/tests/unit/utils/TestComponent.tsx": {"path":"/Users/huangqixiao/Documents/myProject/vue3-json-schema-form/tests/unit/utils/TestComponent.tsx","statementMap":{"0":{"start":{"line":1,"column":0},"end":{"line":1,"column":null}},"1":{"start":{"line":2,"column":0},"end":{"line":2,"column":null}},"2":{"start":{"line":3,"column":0},"end":{"line":3,"column":null}},"3":{"start":{"line":4,"column":0},"end":{"line":4,"column":null}},"4":{"start":{"line":6,"column":0},"end":{"line":30,"column":null}},"5":{"start":{"line":22,"column":4},"end":{"line":28,"column":null}},"6":{"start":{"line":23,"column":6},"end":{"line":25,"column":null}},"7":{"start":{"line":24,"column":42},"end":{"line":25,"column":null}}},"fnMap":{"0":{"name":"(anonymous_1)","decl":{"start":{"line":21,"column":2},"end":{"line":21,"column":7}},"loc":{"start":{"line":21,"column":13},"end":{"line":29,"column":null}}},"1":{"name":"(anonymous_2)","decl":{"start":{"line":22,"column":11},"end":{"line":22,"column":16}},"loc":{"start":{"line":22,"column":16},"end":{"line":28,"column":5}}},"2":{"name":"(anonymous_3)","decl":{"start":{"line":24,"column":42},"end":{"line":24,"column":null}},"loc":{"start":{"line":24,"column":42},"end":{"line":25,"column":null}}}},"branchMap":{},"s":{"0":3,"1":3,"2":3,"3":3,"4":3,"5":13,"6":13,"7":13},"f":{"0":13,"1":13,"2":13},"b":{}}
}
