TN:
SF:lib/SchemaForm.tsx
FN:69,(anonymous_1)
FN:70,(anonymous_2)
FN:75,(anonymous_3)
FN:91,(anonymous_4)
FN:101,(anonymous_5)
FN:110,doValidate
FN:129,(anonymous_7)
FN:130,(anonymous_8)
FN:140,(anonymous_9)
FN:141,(anonymous_10)
FN:144,(anonymous_11)
FN:145,(anonymous_12)
FN:158,(anonymous_13)
FN:161,(anonymous_14)
FNF:14
FNH:8
FNDA:13,(anonymous_1)
FNDA:0,(anonymous_2)
FNDA:0,(anonymous_3)
FNDA:13,(anonymous_4)
FNDA:0,(anonymous_5)
FNDA:0,doValidate
FNDA:18,(anonymous_7)
FNDA:5,(anonymous_8)
FNDA:13,(anonymous_9)
FNDA:13,(anonymous_10)
FNDA:0,(anonymous_11)
FNDA:0,(anonymous_12)
FNDA:13,(anonymous_13)
FNDA:13,(anonymous_14)
DA:1,3
DA:18,3
DA:19,3
DA:20,3
DA:21,3
DA:30,3
DA:35,3
DA:70,13
DA:72,0
DA:75,0
DA:76,0
DA:77,0
DA:80,0
DA:84,13
DA:87,13
DA:89,13
DA:91,13
DA:92,13
DA:98,0
DA:101,0
DA:102,0
DA:107,13
DA:108,13
DA:111,0
DA:112,0
DA:120,0
DA:122,0
DA:124,0
DA:125,0
DA:128,13
DA:129,18
DA:132,0
DA:139,13
DA:140,13
DA:143,0
DA:145,0
DA:146,0
DA:147,0
DA:158,13
DA:159,13
DA:161,13
DA:162,13
DA:164,13
LF:43
LH:24
BRDA:72,0,0,0
BRDA:72,0,1,0
BRDA:98,1,0,0
BRDA:98,1,1,0
BRDA:120,2,0,0
BRDA:170,3,0,13
BRDA:170,3,1,0
BRDA:171,4,0,13
BRDA:171,4,1,13
BRF:9
BRH:3
end_of_record
TN:
SF:lib/SchemaItem.tsx
FN:15,(anonymous_1)
FN:17,(anonymous_2)
FN:22,(anonymous_3)
FNF:3
FNH:3
FNDA:29,(anonymous_1)
FNDA:34,(anonymous_2)
FNDA:39,(anonymous_3)
DA:1,3
DA:2,3
DA:3,3
DA:4,3
DA:5,3
DA:6,3
DA:7,3
DA:8,3
DA:9,3
DA:10,3
DA:12,3
DA:17,29
DA:18,34
DA:19,34
DA:22,29
DA:23,39
DA:25,0
DA:28,39
DA:30,18
DA:31,18
DA:33,9
DA:34,9
DA:36,5
DA:37,5
DA:39,5
DA:40,5
DA:42,1
DA:43,1
DA:45,1
DA:46,1
DA:48,0
DA:50,39
LF:32
LH:30
BRDA:28,0,0,18
BRDA:28,0,1,9
BRDA:28,0,2,5
BRDA:28,0,3,5
BRDA:28,0,4,1
BRDA:28,0,5,1
BRDA:28,0,6,0
BRF:7
BRH:6
end_of_record
TN:
SF:lib/index.ts
FN:17,(anonymous_8)
FNF:1
FNH:1
FNDA:1,(anonymous_8)
DA:1,3
DA:2,3
DA:3,3
DA:4,3
DA:5,3
DA:6,3
DA:7,3
DA:8,3
DA:9,3
DA:10,3
DA:12,3
DA:13,3
DA:14,3
DA:15,3
DA:16,3
DA:17,4
DA:18,3
DA:19,3
LF:18
LH:18
BRF:0
BRH:0
end_of_record
TN:
SF:lib/provide.ts
FN:9,useInject
FNF:1
FNH:1
FNDA:34,useInject
DA:1,3
DA:5,3
DA:6,3
DA:9,3
DA:15,34
DA:17,0
DA:19,34
LF:7
LH:6
BRF:0
BRH:0
end_of_record
TN:
SF:lib/theme.tsx
FN:29,(anonymous_0)
FN:30,(anonymous_1)
FN:33,(anonymous_2)
FN:39,getWidget
FN:63,(anonymous_4)
FNF:5
FNH:5
FNDA:13,(anonymous_0)
FNDA:12,(anonymous_1)
FNDA:13,(anonymous_2)
FNDA:24,getWidget
FNDA:24,(anonymous_4)
DA:1,3
DA:18,3
DA:19,3
DA:21,3
DA:30,13
DA:31,13
DA:33,13
DA:34,13
DA:39,3
DA:44,24
DA:45,24
DA:47,0
DA:51,0
DA:57,24
DA:60,0
DA:63,24
DA:64,24
DA:67,24
LF:18
LH:15
BRDA:34,0,0,13
BRDA:34,0,1,13
BRDA:46,1,0,24
BRDA:46,1,1,0
BRF:4
BRH:3
end_of_record
TN:
SF:lib/types.ts
FN:11,(anonymous_0)
FN:115,(anonymous_1)
FN:118,(anonymous_2)
FNF:3
FNH:3
FNDA:3,(anonymous_0)
FNDA:3,(anonymous_1)
FNDA:3,(anonymous_2)
DA:11,3
DA:12,3
DA:13,3
DA:14,3
DA:15,3
DA:16,3
DA:17,3
DA:54,3
DA:82,3
DA:100,3
DA:115,3
DA:116,3
DA:118,3
DA:119,3
DA:120,3
DA:121,3
DA:122,3
LF:17
LH:17
BRDA:11,0,0,3
BRDA:11,0,1,3
BRDA:115,1,0,3
BRDA:115,1,1,3
BRDA:118,2,0,3
BRDA:118,2,1,3
BRF:6
BRH:6
end_of_record
TN:
SF:lib/utils.ts
FN:15,isObject
FN:24,isEmptyObject
FN:34,hasOwnProperty
FN:48,validateData
FN:58,resolveSchema
FN:71,(anonymous_6)
FN:81,retrieveSchema
FN:121,stubExistingAdditionalProperties
FN:132,(anonymous_9)
FN:173,resolveReference
FN:191,findSchemaDefinition
FN:213,resolveDependencies
FN:238,processDependencies
FN:280,withDependentProperties
FN:290,withDependentSchema
FN:311,(anonymous_16)
FN:325,withExactlyOneSubschema
FN:332,(anonymous_18)
FN:372,mergeSchemas
FN:374,(anonymous_20)
FN:406,getSchemaType
FN:423,(anonymous_22)
FN:455,guessType
FN:473,isConstant
FN:480,isSelect
FN:486,(anonymous_26)
FN:491,isMultiSelect
FN:499,getMatchingOption
FN:522,(anonymous_29)
FN:562,mergeDefaultsWithFormData
FN:567,(anonymous_31)
FN:575,(anonymous_32)
FN:587,getDefaultFormState
FNF:33
FNH:4
FNDA:46,isObject
FNDA:0,isEmptyObject
FNDA:102,hasOwnProperty
FNDA:0,validateData
FNDA:34,resolveSchema
FNDA:0,(anonymous_6)
FNDA:34,retrieveSchema
FNDA:0,stubExistingAdditionalProperties
FNDA:0,(anonymous_9)
FNDA:0,resolveReference
FNDA:0,findSchemaDefinition
FNDA:0,resolveDependencies
FNDA:0,processDependencies
FNDA:0,withDependentProperties
FNDA:0,withDependentSchema
FNDA:0,(anonymous_16)
FNDA:0,withExactlyOneSubschema
FNDA:0,(anonymous_18)
FNDA:0,mergeSchemas
FNDA:0,(anonymous_20)
FNDA:0,getSchemaType
FNDA:0,(anonymous_22)
FNDA:0,guessType
FNDA:0,isConstant
FNDA:0,isSelect
FNDA:0,(anonymous_26)
FNDA:0,isMultiSelect
FNDA:0,getMatchingOption
FNDA:0,(anonymous_29)
FNDA:0,mergeDefaultsWithFormData
FNDA:0,(anonymous_31)
FNDA:0,(anonymous_32)
FNDA:0,getDefaultFormState
DA:1,3
DA:5,3
DA:6,3
DA:8,3
DA:15,3
DA:16,46
DA:24,3
DA:25,0
DA:34,3
DA:39,102
DA:47,3
DA:48,3
DA:49,0
DA:50,0
DA:58,3
DA:64,0
DA:66,0
DA:67,0
DA:69,0
DA:72,0
DA:77,34
DA:81,3
DA:87,0
DA:89,34
DA:94,0
DA:100,0
DA:101,0
DA:102,0
DA:106,34
DA:110,0
DA:116,34
DA:119,3
DA:121,3
DA:127,0
DA:132,0
DA:135,0
DA:140,0
DA:146,0
DA:148,0
DA:152,0
DA:154,0
DA:157,0
DA:179,0
DA:181,0
DA:183,0
DA:191,3
DA:195,0
DA:198,0
DA:200,0
DA:202,0
DA:204,0
DA:208,0
DA:210,0
DA:219,0
DA:221,0
DA:226,0
DA:231,0
DA:248,0
DA:255,0
DA:258,0
DA:260,0
DA:262,0
DA:270,0
DA:277,0
DA:282,0
DA:284,0
DA:287,0
DA:298,0
DA:303,0
DA:306,0
DA:308,0
DA:311,0
DA:312,0
DA:316,0
DA:332,0
DA:334,0
DA:336,0
DA:338,0
DA:345,0
DA:346,0
DA:350,0
DA:353,0
DA:356,0
DA:358,0
DA:359,0
DA:360,0
DA:372,3
DA:373,0
DA:374,0
DA:375,0
DA:376,0
DA:378,0
DA:389,0
DA:391,0
DA:393,0
DA:406,3
DA:407,0
DA:410,0
DA:414,0
DA:418,0
DA:421,0
DA:423,0
DA:426,0
DA:455,3
DA:457,0
DA:459,0
DA:461,0
DA:463,0
DA:465,0
DA:467,0
DA:470,0
DA:473,3
DA:474,0
DA:480,3
DA:481,0
DA:482,0
DA:484,0
DA:486,0
DA:488,0
DA:491,3
DA:493,0
DA:495,0
DA:499,3
DA:504,0
DA:505,0
DA:521,0
DA:522,0
DA:532,0
DA:535,0
DA:538,0
DA:541,0
DA:543,0
DA:545,0
DA:550,0
DA:553,0
DA:556,0
DA:559,0
DA:562,3
DA:565,0
DA:567,0
DA:569,0
DA:571,0
DA:574,0
DA:575,0
DA:576,0
DA:580,0
DA:583,0
DA:587,3
DA:594,0
DA:597,0
DA:608,0
DA:611,0
DA:614,0
DA:616,0
LF:154
LH:29
BRDA:16,0,0,46
BRDA:16,0,1,44
BRDA:16,0,2,44
BRDA:25,1,0,0
BRDA:25,1,1,0
BRDA:60,2,0,0
BRDA:61,3,0,0
BRDA:68,4,0,34
BRDA:68,4,1,0
BRDA:83,5,0,0
BRDA:84,6,0,10
BRDA:106,7,0,34
BRDA:106,7,1,0
BRDA:123,8,0,0
BRDA:124,9,0,0
BRDA:193,10,0,0
BRDA:219,11,0,0
BRDA:252,12,0,0
BRDA:252,12,1,0
BRDA:284,13,0,0
BRDA:284,13,1,0
BRDA:312,14,0,0
BRDA:312,14,1,0
BRDA:346,15,0,0
BRDA:346,15,1,0
BRDA:375,16,0,0
BRDA:375,16,1,0
BRDA:377,17,0,0
BRDA:377,17,1,0
BRDA:377,17,2,0
BRDA:380,18,0,0
BRDA:380,18,1,0
BRDA:380,18,2,0
BRDA:380,18,3,0
BRDA:380,18,4,0
BRDA:380,18,5,0
BRDA:380,18,6,0
BRDA:409,19,0,0
BRDA:409,19,1,0
BRDA:413,20,0,0
BRDA:413,20,1,0
BRDA:417,21,0,0
BRDA:417,21,1,0
BRDA:417,21,2,0
BRDA:422,22,0,0
BRDA:422,22,1,0
BRDA:422,22,2,0
BRDA:475,23,0,0
BRDA:475,23,1,0
BRDA:475,23,2,0
BRDA:480,24,0,0
BRDA:482,25,0,0
BRDA:482,25,1,0
BRDA:491,26,0,0
BRDA:492,27,0,0
BRDA:492,27,1,0
BRDA:577,28,0,0
BRDA:577,28,1,0
BRDA:610,29,0,0
BRDA:610,29,1,0
BRDA:613,30,0,0
BRDA:613,30,1,0
BRDA:613,30,2,0
BRDA:616,31,0,0
BRDA:616,31,1,0
BRF:65
BRH:6
end_of_record
TN:
SF:lib/validator.ts
FN:20,toErrorSchema
FN:22,(anonymous_2)
FN:50,transformErrors
FN:56,(anonymous_4)
FN:68,validatorFormData
FN:114,createErrorProxy
FN:117,(anonymous_7)
FN:119,(anonymous_8)
FN:139,mergetObjects
FN:142,(anonymous_10)
FNF:10
FNH:0
FNDA:0,toErrorSchema
FNDA:0,(anonymous_2)
FNDA:0,transformErrors
FNDA:0,(anonymous_4)
FNDA:0,validatorFormData
FNDA:0,createErrorProxy
FNDA:0,(anonymous_7)
FNDA:0,(anonymous_8)
FNDA:0,mergetObjects
FNDA:0,(anonymous_10)
DA:3,3
DA:4,3
DA:5,3
DA:21,0
DA:22,0
DA:23,0
DA:24,0
DA:25,0
DA:28,0
DA:33,0
DA:35,0
DA:39,0
DA:42,0
DA:46,0
DA:53,0
DA:55,0
DA:57,0
DA:68,3
DA:75,0
DA:77,0
DA:79,0
DA:82,0
DA:84,0
DA:86,0
DA:94,0
DA:97,0
DA:104,0
DA:105,0
DA:106,0
DA:107,0
DA:115,0
DA:116,0
DA:119,0
DA:120,0
DA:122,0
DA:124,0
DA:128,0
DA:130,0
DA:131,0
DA:132,0
DA:134,0
DA:139,3
DA:141,0
DA:142,0
DA:143,0
DA:144,0
DA:146,0
DA:148,0
DA:150,0
DA:152,0
LF:50
LH:5
BRDA:21,0,0,0
BRDA:27,1,0,0
BRDA:27,1,1,0
BRDA:39,2,0,0
BRDA:39,2,1,0
BRDA:53,3,0,0
BRDA:53,4,0,0
BRDA:53,4,1,0
BRDA:121,5,0,0
BRDA:121,5,1,0
BRDA:139,6,0,0
BRDA:143,7,0,0
BRDA:143,7,1,0
BRDA:145,8,0,0
BRDA:145,8,1,0
BRDA:145,8,2,0
BRDA:147,9,0,0
BRDA:147,9,1,0
BRDA:147,9,2,0
BRF:19
BRH:0
end_of_record
TN:
SF:lib/components/ArrayComponent.tsx
FN:55,(anonymous_0)
FN:57,(anonymous_1)
FN:58,(anonymous_2)
FN:59,(anonymous_3)
FN:60,(anonymous_4)
FN:61,(anonymous_5)
FN:102,(anonymous_6)
FN:103,(anonymous_7)
FN:110,(anonymous_8)
FN:118,(anonymous_9)
FN:124,(anonymous_10)
FN:130,(anonymous_11)
FN:139,(anonymous_12)
FN:149,(anonymous_13)
FN:160,(anonymous_14)
FN:171,(anonymous_15)
FN:180,(anonymous_16)
FN:186,(anonymous_17)
FN:193,(anonymous_18)
FN:201,(anonymous_19)
FNF:20
FNH:15
FNDA:5,(anonymous_0)
FNDA:0,(anonymous_1)
FNDA:0,(anonymous_2)
FNDA:0,(anonymous_3)
FNDA:0,(anonymous_4)
FNDA:8,(anonymous_5)
FNDA:5,(anonymous_6)
FNDA:5,(anonymous_7)
FNDA:2,(anonymous_8)
FNDA:1,(anonymous_9)
FNDA:1,(anonymous_10)
FNDA:1,(anonymous_11)
FNDA:1,(anonymous_12)
FNDA:7,(anonymous_13)
FNDA:6,(anonymous_14)
FNDA:2,(anonymous_15)
FNDA:8,(anonymous_16)
FNDA:8,(anonymous_17)
FNDA:0,(anonymous_18)
FNDA:3,(anonymous_19)
DA:1,3
DA:2,3
DA:3,3
DA:4,3
DA:5,3
DA:6,3
DA:9,3
DA:31,3
DA:56,5
DA:57,5
DA:58,5
DA:59,5
DA:60,5
DA:61,5
DA:62,8
DA:63,8
DA:99,3
DA:103,5
DA:104,5
DA:105,5
DA:108,5
DA:110,5
DA:111,2
DA:112,2
DA:114,2
DA:118,5
DA:119,1
DA:120,1
DA:122,1
DA:124,5
DA:125,1
DA:126,1
DA:128,1
DA:130,5
DA:131,1
DA:132,1
DA:133,1
DA:134,1
DA:135,1
DA:137,1
DA:139,5
DA:140,1
DA:141,1
DA:142,1
DA:143,1
DA:144,1
DA:146,1
DA:149,5
DA:150,7
DA:151,7
DA:152,7
DA:153,7
DA:154,7
DA:158,3
DA:159,3
DA:160,3
DA:161,6
DA:162,6
DA:165,6
DA:171,2
DA:179,3
DA:180,8
DA:186,8
DA:193,0
DA:200,1
DA:201,3
DA:205,1
DA:219,3
LF:68
LH:67
BRDA:79,0,0,8
BRDA:79,0,1,8
BRDA:111,1,0,2
BRDA:111,1,1,0
BRDA:119,2,0,1
BRDA:119,2,1,0
BRDA:125,3,0,1
BRDA:125,3,1,0
BRDA:131,4,0,1
BRDA:131,4,1,0
BRDA:132,5,0,0
BRDA:140,6,0,1
BRDA:140,6,1,0
BRDA:141,7,0,0
BRDA:154,8,0,7
BRDA:154,8,1,7
BRDA:159,9,0,3
BRDA:159,9,1,0
BRDA:162,10,0,0
BRDA:162,10,1,6
BRDA:163,11,0,0
BRDA:163,11,1,0
BRDA:164,12,0,6
BRDA:164,12,1,6
BRDA:172,13,0,6
BRDA:172,13,1,6
BRDA:179,14,0,3
BRDA:179,14,1,0
BRDA:190,15,0,8
BRDA:190,15,1,8
BRDA:194,16,0,8
BRDA:194,16,1,8
BRF:32
BRH:20
end_of_record
TN:
SF:lib/components/BooleanComponent.vue
FN:3,(anonymous_0)
FN:21,(anonymous_1)
FN:25,(anonymous_2)
FN:29,(anonymous_3)
FN:37,(anonymous_4)
FN:59,render
FNF:6
FNH:5
FNDA:1,(anonymous_0)
FNDA:1,(anonymous_1)
FNDA:1,(anonymous_2)
FNDA:1,(anonymous_3)
FNDA:0,(anonymous_4)
FNDA:1,render
DA:3,3
DA:4,1
DA:5,1
DA:6,1
DA:7,0
DA:9,1
DA:11,3
DA:14,3
DA:15,3
DA:16,3
DA:17,3
DA:18,3
DA:22,1
DA:23,1
DA:24,1
DA:25,1
DA:26,1
DA:27,1
DA:29,1
DA:30,1
DA:31,1
DA:32,1
DA:33,1
DA:34,1
DA:35,1
DA:37,1
DA:38,0
DA:40,1
DA:41,1
DA:48,1
DA:52,1
DA:56,3
DA:57,3
DA:58,3
DA:60,1
DA:67,3
DA:68,3
LF:37
LH:35
BRDA:3,0,0,3
BRDA:3,0,1,3
BRDA:3,0,2,3
BRDA:5,1,0,0
BRDA:5,1,1,0
BRDA:5,2,0,0
BRDA:5,2,1,0
BRDA:6,3,0,1
BRDA:6,3,1,0
BRDA:6,4,0,1
BRDA:6,4,1,1
BRDA:7,5,0,0
BRDA:7,5,1,0
BRDA:7,6,0,0
BRDA:7,6,1,0
BRF:15
BRH:6
end_of_record
TN:
SF:lib/components/IntegerComponent.vue
FN:3,(anonymous_0)
FN:21,(anonymous_1)
FN:25,(anonymous_2)
FN:29,(anonymous_3)
FN:38,(anonymous_4)
FN:59,render
FNF:6
FNH:5
FNDA:1,(anonymous_0)
FNDA:1,(anonymous_1)
FNDA:1,(anonymous_2)
FNDA:1,(anonymous_3)
FNDA:0,(anonymous_4)
FNDA:1,render
DA:3,3
DA:4,1
DA:5,1
DA:6,1
DA:7,0
DA:9,1
DA:11,3
DA:14,3
DA:15,3
DA:16,3
DA:17,3
DA:18,3
DA:22,1
DA:23,1
DA:24,1
DA:25,1
DA:26,1
DA:27,1
DA:29,1
DA:30,1
DA:31,1
DA:32,1
DA:33,1
DA:34,1
DA:35,1
DA:37,1
DA:38,1
DA:39,0
DA:41,1
DA:48,1
DA:52,1
DA:56,3
DA:57,3
DA:58,3
DA:60,1
DA:67,3
DA:68,3
LF:37
LH:35
BRDA:3,0,0,3
BRDA:3,0,1,3
BRDA:3,0,2,3
BRDA:5,1,0,0
BRDA:5,1,1,0
BRDA:5,2,0,0
BRDA:5,2,1,0
BRDA:6,3,0,1
BRDA:6,3,1,0
BRDA:6,4,0,1
BRDA:6,4,1,1
BRDA:7,5,0,0
BRDA:7,5,1,0
BRDA:7,6,0,0
BRDA:7,6,1,0
BRF:15
BRH:6
end_of_record
TN:
SF:lib/components/NonsupportComponent.tsx
FN:5,(anonymous_0)
FN:6,(anonymous_1)
FNF:2
FNH:0
FNDA:0,(anonymous_0)
FNDA:0,(anonymous_1)
DA:1,3
DA:3,3
DA:6,0
DA:7,0
LF:4
LH:2
BRF:0
BRH:0
end_of_record
TN:
SF:lib/components/NumberComponent.vue
FN:3,(anonymous_0)
FN:21,(anonymous_1)
FN:25,(anonymous_2)
FN:29,(anonymous_3)
FN:38,(anonymous_4)
FN:59,render
FNF:6
FNH:6
FNDA:9,(anonymous_0)
FNDA:6,(anonymous_1)
FNDA:6,(anonymous_2)
FNDA:9,(anonymous_3)
FNDA:1,(anonymous_4)
FNDA:9,render
DA:3,3
DA:4,9
DA:5,9
DA:6,9
DA:7,0
DA:9,9
DA:11,3
DA:14,3
DA:15,3
DA:16,3
DA:17,3
DA:18,3
DA:22,6
DA:23,6
DA:24,6
DA:25,6
DA:26,6
DA:27,6
DA:29,6
DA:30,9
DA:31,9
DA:32,9
DA:33,9
DA:34,9
DA:35,9
DA:37,6
DA:38,6
DA:39,1
DA:41,6
DA:48,6
DA:52,6
DA:56,3
DA:57,3
DA:58,3
DA:60,9
DA:67,3
DA:68,3
LF:37
LH:36
BRDA:3,0,0,3
BRDA:3,0,1,3
BRDA:3,0,2,3
BRDA:5,1,0,0
BRDA:5,1,1,0
BRDA:5,2,0,0
BRDA:5,2,1,0
BRDA:6,3,0,9
BRDA:6,3,1,0
BRDA:6,4,0,9
BRDA:6,4,1,9
BRDA:7,5,0,0
BRDA:7,5,1,0
BRDA:7,6,0,0
BRDA:7,6,1,0
BRF:15
BRH:6
end_of_record
TN:
SF:lib/components/ObjectComponent.tsx
FN:9,(anonymous_0)
FN:13,(anonymous_1)
FN:26,(anonymous_2)
FN:32,(anonymous_3)
FN:37,(anonymous_4)
FNF:5
FNH:5
FNDA:5,(anonymous_0)
FNDA:4,(anonymous_1)
FNDA:8,(anonymous_2)
FNDA:12,(anonymous_3)
FNDA:4,(anonymous_4)
DA:1,3
DA:2,3
DA:3,3
DA:4,3
DA:6,3
DA:11,5
DA:13,5
DA:14,4
DA:17,1
DA:19,3
DA:23,4
DA:26,5
DA:27,8
DA:28,8
DA:29,8
DA:31,8
DA:32,12
DA:37,4
LF:18
LH:18
BRDA:14,0,0,3
BRDA:14,0,1,1
BRDA:28,1,0,8
BRDA:28,1,1,1
BRDA:31,2,0,7
BRDA:31,2,1,1
BRDA:38,3,0,12
BRDA:38,3,1,12
BRDA:39,4,0,0
BRDA:39,4,1,12
BRDA:39,5,0,0
BRDA:39,5,1,0
BRF:12
BRH:9
end_of_record
TN:
SF:lib/components/StringComponent.vue
FN:3,(anonymous_0)
FN:21,(anonymous_1)
FN:25,(anonymous_2)
FN:29,(anonymous_3)
FN:38,(anonymous_4)
FN:59,render
FNF:6
FNH:5
FNDA:18,(anonymous_0)
FNDA:11,(anonymous_1)
FNDA:11,(anonymous_2)
FNDA:18,(anonymous_3)
FNDA:0,(anonymous_4)
FNDA:18,render
DA:3,3
DA:4,18
DA:5,18
DA:6,18
DA:7,0
DA:9,18
DA:11,3
DA:14,3
DA:15,3
DA:16,3
DA:17,3
DA:18,3
DA:22,11
DA:23,11
DA:24,11
DA:25,11
DA:26,11
DA:27,11
DA:29,11
DA:30,18
DA:31,18
DA:32,18
DA:33,18
DA:34,18
DA:35,18
DA:37,11
DA:38,11
DA:39,0
DA:41,11
DA:48,11
DA:52,11
DA:56,3
DA:57,3
DA:58,3
DA:60,18
DA:67,3
DA:68,3
LF:37
LH:35
BRDA:3,0,0,3
BRDA:3,0,1,3
BRDA:3,0,2,3
BRDA:5,1,0,0
BRDA:5,1,1,0
BRDA:5,2,0,0
BRDA:5,2,1,0
BRDA:6,3,0,18
BRDA:6,3,1,0
BRDA:6,4,0,18
BRDA:6,4,1,18
BRDA:7,5,0,0
BRDA:7,5,1,0
BRDA:7,6,0,0
BRDA:7,6,1,0
BRF:15
BRH:6
end_of_record
TN:
SF:lib/theme/BooleanWidget.tsx
FN:10,(anonymous_0)
FN:12,(anonymous_1)
FN:15,(anonymous_2)
FN:19,(anonymous_3)
FNF:4
FNH:3
FNDA:1,(anonymous_0)
FNDA:1,(anonymous_1)
FNDA:0,(anonymous_2)
FNDA:1,(anonymous_3)
DA:1,3
DA:2,3
DA:3,3
DA:4,3
DA:6,3
DA:11,1
DA:12,1
DA:13,1
DA:15,1
DA:16,0
DA:17,0
DA:19,1
DA:20,1
DA:21,1
DA:40,3
LF:15
LH:13
BRDA:30,0,0,1
BRDA:30,0,1,0
BRF:2
BRH:1
end_of_record
TN:
SF:lib/theme/FormItem.tsx
FN:24,(anonymous_0)
FN:26,(anonymous_1)
FN:33,(anonymous_2)
FN:44,withFormItem
FN:48,(anonymous_4)
FN:49,(anonymous_5)
FN:51,(anonymous_6)
FNF:7
FNH:6
FNDA:20,(anonymous_0)
FNDA:25,(anonymous_1)
FNDA:0,(anonymous_2)
FNDA:15,withFormItem
FNDA:20,(anonymous_4)
FNDA:25,(anonymous_5)
FNDA:25,(anonymous_6)
DA:1,3
DA:2,3
DA:3,3
DA:5,3
DA:21,3
DA:25,20
DA:26,20
DA:27,25
DA:28,25
DA:29,25
DA:33,0
DA:42,3
DA:44,3
DA:45,15
DA:49,20
DA:50,25
DA:51,25
LF:17
LH:16
BRDA:32,0,0,25
BRDA:32,0,1,25
BRF:2
BRH:2
end_of_record
TN:
SF:lib/theme/IntegerWidget.tsx
FN:9,(anonymous_0)
FN:10,(anonymous_1)
FN:14,(anonymous_2)
FNF:3
FNH:2
FNDA:1,(anonymous_0)
FNDA:0,(anonymous_1)
FNDA:1,(anonymous_2)
DA:1,3
DA:2,3
DA:3,3
DA:5,3
DA:10,1
DA:11,0
DA:12,0
DA:14,1
DA:15,1
DA:16,1
DA:17,1
DA:18,1
LF:12
LH:10
BRDA:16,0,0,1
BRDA:17,1,0,1
BRF:2
BRH:2
end_of_record
TN:
SF:lib/theme/NumberWidget.tsx
FN:9,(anonymous_0)
FN:10,(anonymous_1)
FN:18,(anonymous_2)
FNF:3
FNH:3
FNDA:6,(anonymous_0)
FNDA:1,(anonymous_1)
FNDA:8,(anonymous_2)
DA:1,3
DA:2,3
DA:3,3
DA:5,3
DA:10,6
DA:11,1
DA:13,0
DA:15,1
DA:18,6
DA:19,8
LF:10
LH:9
BRF:0
BRH:0
end_of_record
TN:
SF:lib/theme/SelectionWidget.tsx
FN:9,(anonymous_0)
FN:11,(anonymous_1)
FN:17,(anonymous_2)
FN:18,(anonymous_3)
FN:25,(anonymous_4)
FN:28,(anonymous_5)
FN:29,(anonymous_6)
FNF:7
FNH:4
FNDA:1,(anonymous_0)
FNDA:0,(anonymous_1)
FNDA:1,(anonymous_2)
FNDA:0,(anonymous_3)
FNDA:1,(anonymous_4)
FNDA:0,(anonymous_5)
FNDA:3,(anonymous_6)
DA:1,3
DA:2,3
DA:3,3
DA:5,3
DA:10,1
DA:11,1
DA:13,0
DA:16,1
DA:17,1
DA:20,0
DA:25,1
DA:26,1
DA:27,1
DA:28,0
DA:29,3
LF:15
LH:12
BRF:0
BRH:0
end_of_record
TN:
SF:lib/theme/TextWidget.tsx
FN:9,(anonymous_0)
FN:10,(anonymous_1)
FN:13,(anonymous_2)
FNF:3
FNH:2
FNDA:11,(anonymous_0)
FNDA:0,(anonymous_1)
FNDA:14,(anonymous_2)
DA:1,3
DA:2,3
DA:3,3
DA:5,3
DA:10,11
DA:11,0
DA:13,11
DA:14,14
LF:8
LH:7
BRF:0
BRH:0
end_of_record
TN:
SF:lib/theme/index.ts
FNF:0
FNH:0
DA:1,3
DA:2,3
DA:3,3
DA:4,3
DA:5,3
DA:6,3
LF:6
LH:6
BRF:0
BRH:0
end_of_record
TN:
SF:lib/widgets/Selection.tsx
FN:16,(anonymous_0)
FN:18,(anonymous_1)
FN:24,(anonymous_2)
FN:25,(anonymous_3)
FN:32,(anonymous_4)
FN:35,(anonymous_5)
FN:36,(anonymous_6)
FNF:7
FNH:0
FNDA:0,(anonymous_0)
FNDA:0,(anonymous_1)
FNDA:0,(anonymous_2)
FNDA:0,(anonymous_3)
FNDA:0,(anonymous_4)
FNDA:0,(anonymous_5)
FNDA:0,(anonymous_6)
DA:1,3
DA:3,3
DA:17,0
DA:18,0
DA:20,0
DA:23,0
DA:24,0
DA:27,0
DA:32,0
DA:33,0
DA:34,0
DA:35,0
DA:36,0
LF:13
LH:2
BRF:0
BRH:0
end_of_record
TN:
SF:tests/unit/utils/TestComponent.tsx
FN:21,(anonymous_1)
FN:22,(anonymous_2)
FN:24,(anonymous_3)
FNF:3
FNH:3
FNDA:13,(anonymous_1)
FNDA:13,(anonymous_2)
FNDA:13,(anonymous_3)
DA:1,3
DA:2,3
DA:3,3
DA:4,3
DA:6,3
DA:22,13
DA:23,13
DA:24,13
LF:8
LH:8
BRF:0
BRH:0
end_of_record
